Connecting to database specified by database.yml
  [1m[36m (1.5ms)[0m  [1mselect sqlite_version(*)[0m
  [1m[35m (4.6ms)[0m  CREATE TABLE "moviegoers" ("id" INTEGER PRIMARY KEY AUTOINCREMENT NOT NULL, "name" varchar(255), "provider" varchar(255), "uid" varchar(255), "created_at" datetime NOT NULL, "updated_at" datetime NOT NULL) 
  [1m[36m (3.5ms)[0m  [1mCREATE TABLE "movies" ("id" INTEGER PRIMARY KEY AUTOINCREMENT NOT NULL, "title" varchar(255), "rating" varchar(255), "description" text, "release_date" datetime, "created_at" datetime NOT NULL, "updated_at" datetime NOT NULL) [0m
  [1m[35m (3.3ms)[0m  CREATE TABLE "reviews" ("id" INTEGER PRIMARY KEY AUTOINCREMENT NOT NULL, "potatoes" integer, "comments" text, "moviegoer_id" integer, "movie_id" integer) 
  [1m[36m (3.1ms)[0m  [1mCREATE TABLE "schema_migrations" ("version" varchar(255) NOT NULL) [0m
  [1m[35m (3.2ms)[0m  CREATE UNIQUE INDEX "unique_schema_migrations" ON "schema_migrations" ("version")
  [1m[36m (0.2ms)[0m  [1mSELECT version FROM "schema_migrations"[0m
  [1m[35m (2.3ms)[0m  INSERT INTO "schema_migrations" (version) VALUES ('20150812222806')
  [1m[36m (2.0ms)[0m  [1mINSERT INTO "schema_migrations" (version) VALUES ('20150811184016')[0m
  [1m[35m (1.9ms)[0m  INSERT INTO "schema_migrations" (version) VALUES ('20111119180638')
  [1m[36m (2.3ms)[0m  [1mSELECT "schema_migrations"."version" FROM "schema_migrations" [0m
  [1m[35m (0.0ms)[0m  begin transaction
  [1m[36mSQL (28.6ms)[0m  [1mINSERT INTO "movies" ("created_at", "description", "rating", "release_date", "title", "updated_at") VALUES (?, ?, ?, ?, ?, ?)[0m  [["created_at", Sat, 15 Aug 2015 21:52:28 UTC +00:00], ["description", "When a street urchin vies for the love of a beautiful princess, he uses a genie's magic power to make himself off as a prince in order to marry her."], ["rating", "G"], ["release_date", Wed, 25 Nov 1992 00:00:00 UTC +00:00], ["title", "Aladdin"], ["updated_at", Sat, 15 Aug 2015 21:52:28 UTC +00:00]]
  [1m[35m (2.6ms)[0m  commit transaction
  [1m[36m (0.1ms)[0m  [1mbegin transaction[0m
  [1m[35mSQL (0.8ms)[0m  INSERT INTO "movies" ("created_at", "description", "rating", "release_date", "title", "updated_at") VALUES (?, ?, ?, ?, ?, ?)  [["created_at", Sat, 15 Aug 2015 21:52:28 UTC +00:00], ["description", "Harry and Sally have known each other for years, and are very good friends, but they fear sex would ruin the friendship."], ["rating", "R"], ["release_date", Fri, 21 Jul 1989 00:00:00 UTC +00:00], ["title", "When Harry Met Sally"], ["updated_at", Sat, 15 Aug 2015 21:52:28 UTC +00:00]]
  [1m[36m (2.2ms)[0m  [1mcommit transaction[0m
  [1m[35m (0.1ms)[0m  begin transaction
  [1m[36mSQL (0.6ms)[0m  [1mINSERT INTO "movies" ("created_at", "description", "rating", "release_date", "title", "updated_at") VALUES (?, ?, ?, ?, ?, ?)[0m  [["created_at", Sat, 15 Aug 2015 21:52:28 UTC +00:00], ["description", "An aspiring author during the civil rights movement of the 1960s decides to write a book detailing the African-American maids' point of view on the white families for which they work, and the hardships they go through on a daily basis."], ["rating", "PG-13"], ["release_date", Wed, 10 Aug 2011 00:00:00 UTC +00:00], ["title", "The Help"], ["updated_at", Sat, 15 Aug 2015 21:52:28 UTC +00:00]]
  [1m[35m (1.8ms)[0m  commit transaction
  [1m[36m (0.0ms)[0m  [1mbegin transaction[0m
  [1m[35mSQL (0.3ms)[0m  INSERT INTO "movies" ("created_at", "description", "rating", "release_date", "title", "updated_at") VALUES (?, ?, ?, ?, ?, ?)  [["created_at", Sat, 15 Aug 2015 21:52:28 UTC +00:00], ["description", "Archaeologist and adventurer Indiana Jones is hired by the US government to find the Ark of the Covenant before the Nazis."], ["rating", "PG"], ["release_date", Fri, 12 Jun 1981 00:00:00 UTC +00:00], ["title", "Raiders Of The Lost Ark"], ["updated_at", Sat, 15 Aug 2015 21:52:28 UTC +00:00]]
  [1m[36m (2.8ms)[0m  [1mcommit transaction[0m
