Connecting to database specified by database.yml


Started GET "/" for 127.0.0.1 at 2015-08-12 20:07:16 -0400
Connecting to database specified by database.yml


Started GET "/movies" for 127.0.0.1 at 2015-08-12 20:07:17 -0400
Processing by MoviesController#index as HTML
  [1m[36mMoviegoer Load (0.1ms)[0m  [1mSELECT "moviegoers".* FROM "moviegoers" WHERE "moviegoers"."id" = 1 LIMIT 1[0m
  [1m[35mMovie Load (0.1ms)[0m  SELECT "movies".* FROM "movies" 
  Rendered movies/index.html.haml within layouts/application (29.6ms)
  Rendered movies/_login.html.haml (1.6ms)
Completed 200 OK in 120.8ms (Views: 75.1ms | ActiveRecord: 0.5ms)


Started GET "/assets/application.css?body=1" for 127.0.0.1 at 2015-08-12 20:07:17 -0400
Served asset /application.css - 304 Not Modified (1ms)


Started GET "/assets/jquery.js?body=1" for 127.0.0.1 at 2015-08-12 20:07:17 -0400
Served asset /jquery.js - 304 Not Modified (4ms)


Started GET "/assets/application.js?body=1" for 127.0.0.1 at 2015-08-12 20:07:17 -0400
Served asset /application.js - 304 Not Modified (4ms)


Started GET "/assets/jquery_ujs.js?body=1" for 127.0.0.1 at 2015-08-12 20:07:17 -0400
Served asset /jquery_ujs.js - 304 Not Modified (1ms)


Started GET "/movies/4" for 127.0.0.1 at 2015-08-12 20:07:21 -0400
Processing by MoviesController#show as HTML
  Parameters: {"id"=>"4"}
  [1m[36mMoviegoer Load (0.4ms)[0m  [1mSELECT "moviegoers".* FROM "moviegoers" WHERE "moviegoers"."id" = 1 LIMIT 1[0m
  [1m[35mMovie Load (0.4ms)[0m  SELECT "movies".* FROM "movies" WHERE "movies"."id" = ? LIMIT 1  [["id", "4"]]
  Rendered movies/show.html.haml within layouts/application (5.0ms)
  Rendered movies/_login.html.haml (0.3ms)
Completed 200 OK in 15.9ms (Views: 11.5ms | ActiveRecord: 0.7ms)


Started GET "/assets/application.css?body=1" for 127.0.0.1 at 2015-08-12 20:07:21 -0400
Served asset /application.css - 304 Not Modified (0ms)


Started GET "/assets/jquery.js?body=1" for 127.0.0.1 at 2015-08-12 20:07:21 -0400
Served asset /jquery.js - 304 Not Modified (0ms)


Started GET "/assets/application.js?body=1" for 127.0.0.1 at 2015-08-12 20:07:21 -0400
Served asset /application.js - 304 Not Modified (0ms)


Started GET "/assets/jquery_ujs.js?body=1" for 127.0.0.1 at 2015-08-12 20:07:21 -0400
Served asset /jquery_ujs.js - 304 Not Modified (0ms)


Started GET "/movies/4/reviews/new" for 127.0.0.1 at 2015-08-12 20:07:22 -0400
Processing by ReviewsController#new as HTML
  Parameters: {"movie_id"=>"4"}
  [1m[36mMoviegoer Load (0.2ms)[0m  [1mSELECT "moviegoers".* FROM "moviegoers" WHERE "moviegoers"."id" = 1 LIMIT 1[0m
  [1m[35mMovie Load (0.2ms)[0m  SELECT "movies".* FROM "movies" WHERE "movies"."id" = 4 LIMIT 1
  Rendered reviews/new.html.haml within layouts/application (2.4ms)
Completed 500 Internal Server Error in 123.2ms

ActionView::Template::Error (Missing partial reviews/login, application/login with {:locale=>[:en], :formats=>[:html], :handlers=>[:erb, :builder, :coffee, :haml]}. Searched in:
  * "/home/greg/CS/ch5/rottenpotatoes/app/views"
):
    9:   %body
    10:     %h1.title Rotten Potatoes!
    11:     %h2
    12:       = render :partial => 'login'
    13:     #main
    14:       - if flash[:notice]
    15:         #notice.message= flash[:notice]
  app/views/layouts/application.html.haml:12:in `_app_views_layouts_application_html_haml___3512105896330642192_70214467260480'


  Rendered /home/greg/.rvm/gems/ruby-1.9.3-p551/gems/actionpack-3.2.15/lib/action_dispatch/middleware/templates/rescues/_trace.erb (1.0ms)
  Rendered /home/greg/.rvm/gems/ruby-1.9.3-p551/gems/actionpack-3.2.15/lib/action_dispatch/middleware/templates/rescues/_request_and_response.erb (0.7ms)
  Rendered /home/greg/.rvm/gems/ruby-1.9.3-p551/gems/actionpack-3.2.15/lib/action_dispatch/middleware/templates/rescues/template_error.erb within rescues/layout (6.6ms)


Started GET "/movies/4/reviews/new" for 127.0.0.1 at 2015-08-12 20:16:21 -0400
Processing by ReviewsController#new as HTML
  Parameters: {"movie_id"=>"4"}
  [1m[36mMoviegoer Load (0.3ms)[0m  [1mSELECT "moviegoers".* FROM "moviegoers" WHERE "moviegoers"."id" = 1 LIMIT 1[0m
  [1m[35mMovie Load (0.2ms)[0m  SELECT "movies".* FROM "movies" WHERE "movies"."id" = 4 LIMIT 1
  Rendered reviews/new.html.haml within layouts/application (1.7ms)
Completed 500 Internal Server Error in 17.3ms

ActionView::Template::Error (Missing partial reviews/login, application/login with {:locale=>[:en], :formats=>[:html], :handlers=>[:erb, :builder, :coffee, :haml]}. Searched in:
  * "/home/greg/CS/ch5/rottenpotatoes/app/views"
):
    10:     %h1.title Rotten Potatoes!
    11:     %h2
    12:       = form_tag '/sessions', method: :post do
    13:         = render :partial => 'login'
    14:     #main
    15:       - if flash[:notice]
    16:         #notice.message= flash[:notice]
  app/views/layouts/application.html.haml:13:in `block in _app_views_layouts_application_html_haml___3512105896330642192_70214427671300'
  app/views/layouts/application.html.haml:12:in `_app_views_layouts_application_html_haml___3512105896330642192_70214427671300'


  Rendered /home/greg/.rvm/gems/ruby-1.9.3-p551/gems/actionpack-3.2.15/lib/action_dispatch/middleware/templates/rescues/_trace.erb (1.6ms)
  Rendered /home/greg/.rvm/gems/ruby-1.9.3-p551/gems/actionpack-3.2.15/lib/action_dispatch/middleware/templates/rescues/_request_and_response.erb (1.2ms)
  Rendered /home/greg/.rvm/gems/ruby-1.9.3-p551/gems/actionpack-3.2.15/lib/action_dispatch/middleware/templates/rescues/template_error.erb within rescues/layout (10.7ms)


Started GET "/movies" for 127.0.0.1 at 2015-08-12 20:16:26 -0400
Processing by MoviesController#index as HTML
  [1m[36mMoviegoer Load (0.1ms)[0m  [1mSELECT "moviegoers".* FROM "moviegoers" WHERE "moviegoers"."id" = 1 LIMIT 1[0m
  [1m[35mMovie Load (0.1ms)[0m  SELECT "movies".* FROM "movies" 
  Rendered movies/index.html.haml within layouts/application (1.4ms)
  Rendered movies/_login.html.haml (0.2ms)
Completed 200 OK in 6.4ms (Views: 5.1ms | ActiveRecord: 0.2ms)


Started GET "/assets/application.css?body=1" for 127.0.0.1 at 2015-08-12 20:16:26 -0400
Served asset /application.css - 304 Not Modified (2ms)


Started GET "/assets/jquery_ujs.js?body=1" for 127.0.0.1 at 2015-08-12 20:16:26 -0400
Served asset /jquery_ujs.js - 304 Not Modified (0ms)


Started GET "/assets/jquery.js?body=1" for 127.0.0.1 at 2015-08-12 20:16:26 -0400
Served asset /jquery.js - 304 Not Modified (0ms)


Started GET "/assets/application.js?body=1" for 127.0.0.1 at 2015-08-12 20:16:26 -0400
Served asset /application.js - 304 Not Modified (0ms)


Started GET "/movies/4" for 127.0.0.1 at 2015-08-12 20:16:28 -0400
Processing by MoviesController#show as HTML
  Parameters: {"id"=>"4"}
  [1m[36mMoviegoer Load (0.2ms)[0m  [1mSELECT "moviegoers".* FROM "moviegoers" WHERE "moviegoers"."id" = 1 LIMIT 1[0m
  [1m[35mMovie Load (0.1ms)[0m  SELECT "movies".* FROM "movies" WHERE "movies"."id" = ? LIMIT 1  [["id", "4"]]
  Rendered movies/show.html.haml within layouts/application (1.6ms)
  Rendered movies/_login.html.haml (0.1ms)
Completed 200 OK in 9.3ms (Views: 7.3ms | ActiveRecord: 0.3ms)


Started GET "/assets/application.css?body=1" for 127.0.0.1 at 2015-08-12 20:16:28 -0400
Served asset /application.css - 304 Not Modified (0ms)


Started GET "/assets/application.js?body=1" for 127.0.0.1 at 2015-08-12 20:16:28 -0400
Served asset /application.js - 304 Not Modified (2ms)


Started GET "/assets/jquery.js?body=1" for 127.0.0.1 at 2015-08-12 20:16:28 -0400
Served asset /jquery.js - 304 Not Modified (0ms)


Started GET "/assets/jquery_ujs.js?body=1" for 127.0.0.1 at 2015-08-12 20:16:28 -0400
Served asset /jquery_ujs.js - 304 Not Modified (0ms)


Started GET "/movies/4/reviews/new" for 127.0.0.1 at 2015-08-12 20:16:30 -0400
Processing by ReviewsController#new as HTML
  Parameters: {"movie_id"=>"4"}
  [1m[36mMoviegoer Load (0.3ms)[0m  [1mSELECT "moviegoers".* FROM "moviegoers" WHERE "moviegoers"."id" = 1 LIMIT 1[0m
  [1m[35mMovie Load (0.1ms)[0m  SELECT "movies".* FROM "movies" WHERE "movies"."id" = 4 LIMIT 1
  Rendered reviews/new.html.haml within layouts/application (1.8ms)
Completed 500 Internal Server Error in 12.4ms

ActionView::Template::Error (Missing partial reviews/login, application/login with {:locale=>[:en], :formats=>[:html], :handlers=>[:erb, :builder, :coffee, :haml]}. Searched in:
  * "/home/greg/CS/ch5/rottenpotatoes/app/views"
):
    10:     %h1.title Rotten Potatoes!
    11:     %h2
    12:       = form_tag '/sessions', method: :post do
    13:         = render :partial => 'login'
    14:     #main
    15:       - if flash[:notice]
    16:         #notice.message= flash[:notice]
  app/views/layouts/application.html.haml:13:in `block in _app_views_layouts_application_html_haml___3512105896330642192_70214427671300'
  app/views/layouts/application.html.haml:12:in `_app_views_layouts_application_html_haml___3512105896330642192_70214427671300'


  Rendered /home/greg/.rvm/gems/ruby-1.9.3-p551/gems/actionpack-3.2.15/lib/action_dispatch/middleware/templates/rescues/_trace.erb (33.1ms)
  Rendered /home/greg/.rvm/gems/ruby-1.9.3-p551/gems/actionpack-3.2.15/lib/action_dispatch/middleware/templates/rescues/_request_and_response.erb (1.1ms)
  Rendered /home/greg/.rvm/gems/ruby-1.9.3-p551/gems/actionpack-3.2.15/lib/action_dispatch/middleware/templates/rescues/template_error.erb within rescues/layout (41.8ms)


Started GET "/" for 127.0.0.1 at 2015-08-12 20:17:37 -0400
Connecting to database specified by database.yml


Started GET "/movies" for 127.0.0.1 at 2015-08-12 20:17:37 -0400
Processing by MoviesController#index as HTML
  [1m[36mMoviegoer Load (0.1ms)[0m  [1mSELECT "moviegoers".* FROM "moviegoers" WHERE "moviegoers"."id" = 1 LIMIT 1[0m
  [1m[35mMovie Load (0.1ms)[0m  SELECT "movies".* FROM "movies" 
  Rendered movies/index.html.haml within layouts/application (28.5ms)
  Rendered sessions/_login.html.haml (28.5ms)
Completed 500 Internal Server Error in 139.0ms

ActionView::Template::Error (undefined method `identities' for #<Moviegoer:0x007f4f90bb6110>):
    4:   - if @current_user
    5:     %p.welcome
    6:       Welcome, #{@current_user.name}!
    7:       - if @current_user.identities.length == 1
    8:         - if @current_user.provider == 'facebook'
    9:           = link_to 'Link Twitter', '/auth/twitter'
    10:         - elsif @current_user.provider == 'twitter'
  app/views/sessions/_login.html.haml:7:in `_app_views_sessions__login_html_haml__201056383867874461_69989850231560'
  app/views/layouts/application.html.haml:10:in `block in _app_views_layouts_application_html_haml__2478549577186378157_69989853890300'
  app/views/layouts/application.html.haml:9:in `_app_views_layouts_application_html_haml__2478549577186378157_69989853890300'


  Rendered /home/greg/.rvm/gems/ruby-1.9.3-p551/gems/actionpack-3.2.15/lib/action_dispatch/middleware/templates/rescues/_trace.erb (0.9ms)
  Rendered /home/greg/.rvm/gems/ruby-1.9.3-p551/gems/actionpack-3.2.15/lib/action_dispatch/middleware/templates/rescues/_request_and_response.erb (0.7ms)
  Rendered /home/greg/.rvm/gems/ruby-1.9.3-p551/gems/actionpack-3.2.15/lib/action_dispatch/middleware/templates/rescues/template_error.erb within rescues/layout (6.1ms)


Started GET "/movies" for 127.0.0.1 at 2015-08-12 20:26:33 -0400
Connecting to database specified by database.yml
Processing by MoviesController#index as HTML
  [1m[36mMoviegoer Load (0.1ms)[0m  [1mSELECT "moviegoers".* FROM "moviegoers" WHERE "moviegoers"."id" = 1 LIMIT 1[0m
  [1m[35mMovie Load (0.1ms)[0m  SELECT "movies".* FROM "movies" 
  Rendered movies/index.html.haml within layouts/application (29.2ms)
  Rendered sessions/_login.html.haml (1.5ms)
Completed 200 OK in 114.3ms (Views: 70.0ms | ActiveRecord: 0.5ms)


Started GET "/assets/application.css?body=1" for 127.0.0.1 at 2015-08-12 20:26:34 -0400
Served asset /application.css - 304 Not Modified (1ms)


Started GET "/movies/4" for 127.0.0.1 at 2015-08-12 20:27:25 -0400
Processing by MoviesController#show as HTML
  Parameters: {"id"=>"4"}
  [1m[36mMoviegoer Load (0.4ms)[0m  [1mSELECT "moviegoers".* FROM "moviegoers" WHERE "moviegoers"."id" = 1 LIMIT 1[0m
  [1m[35mMovie Load (0.3ms)[0m  SELECT "movies".* FROM "movies" WHERE "movies"."id" = ? LIMIT 1  [["id", "4"]]
  Rendered movies/show.html.haml within layouts/application (5.7ms)
  Rendered sessions/_login.html.haml (0.3ms)
Completed 200 OK in 14.6ms (Views: 10.2ms | ActiveRecord: 0.7ms)


Started GET "/assets/application.css?body=1" for 127.0.0.1 at 2015-08-12 20:27:25 -0400
Served asset /application.css - 304 Not Modified (0ms)


Started GET "/movies/4/reviews/new" for 127.0.0.1 at 2015-08-12 20:27:28 -0400
Processing by ReviewsController#new as HTML
  Parameters: {"movie_id"=>"4"}
  [1m[36mMoviegoer Load (0.2ms)[0m  [1mSELECT "moviegoers".* FROM "moviegoers" WHERE "moviegoers"."id" = 1 LIMIT 1[0m
  [1m[35mMovie Load (0.1ms)[0m  SELECT "movies".* FROM "movies" WHERE "movies"."id" = 4 LIMIT 1
  Rendered reviews/new.html.haml within layouts/application (2.6ms)
  Rendered sessions/_login.html.haml (0.2ms)
Completed 200 OK in 98.6ms (Views: 6.1ms | ActiveRecord: 0.3ms)


Started GET "/assets/application.css?body=1" for 127.0.0.1 at 2015-08-12 20:27:28 -0400
Served asset /application.css - 304 Not Modified (0ms)


Started POST "/movies/4/reviews" for 127.0.0.1 at 2015-08-12 20:27:31 -0400
Processing by ReviewsController#create as HTML
  Parameters: {"utf8"=>"✓", "authenticity_token"=>"VH6MEXbi6WfVQwmElx6ws0ageyZshkedI7Sw5MrYtjI=", "review"=>{"potatoes"=>"1"}, "commit"=>"Create Review", "movie_id"=>"4"}
  [1m[36mMoviegoer Load (0.2ms)[0m  [1mSELECT "moviegoers".* FROM "moviegoers" WHERE "moviegoers"."id" = 1 LIMIT 1[0m
  [1m[35mMovie Load (0.1ms)[0m  SELECT "movies".* FROM "movies" WHERE "movies"."id" = 4 LIMIT 1
  [1m[36m (0.1ms)[0m  [1mbegin transaction[0m
  [1m[35mCACHE (0.0ms)[0m  SELECT "movies".* FROM "movies" WHERE "movies"."id" = 4 LIMIT 1
  [1m[36mSQL (5.6ms)[0m  [1mINSERT INTO "reviews" ("comments", "movie_id", "moviegoer_id", "potatoes") VALUES (?, ?, ?, ?)[0m  [["comments", nil], ["movie_id", 4], ["moviegoer_id", 1], ["potatoes", 1]]
  [1m[35m (2.2ms)[0m  commit transaction
Redirected to http://localhost:3000/movies/4
Completed 302 Found in 62.3ms (ActiveRecord: 8.3ms)


Started GET "/movies/4" for 127.0.0.1 at 2015-08-12 20:27:31 -0400
Processing by MoviesController#show as HTML
  Parameters: {"id"=>"4"}
  [1m[36mMoviegoer Load (0.2ms)[0m  [1mSELECT "moviegoers".* FROM "moviegoers" WHERE "moviegoers"."id" = 1 LIMIT 1[0m
  [1m[35mMovie Load (0.1ms)[0m  SELECT "movies".* FROM "movies" WHERE "movies"."id" = ? LIMIT 1  [["id", "4"]]
  Rendered movies/show.html.haml within layouts/application (2.0ms)
  Rendered sessions/_login.html.haml (0.2ms)
Completed 200 OK in 8.0ms (Views: 5.9ms | ActiveRecord: 0.3ms)


Started GET "/assets/application.css?body=1" for 127.0.0.1 at 2015-08-12 20:27:31 -0400
Served asset /application.css - 304 Not Modified (0ms)


Started GET "/movies/4" for 127.0.0.1 at 2015-08-12 20:32:06 -0400
Processing by MoviesController#show as HTML
  Parameters: {"id"=>"4"}
  [1m[36mMoviegoer Load (0.3ms)[0m  [1mSELECT "moviegoers".* FROM "moviegoers" WHERE "moviegoers"."id" = 1 LIMIT 1[0m
  [1m[35mMovie Load (0.1ms)[0m  SELECT "movies".* FROM "movies" WHERE "movies"."id" = ? LIMIT 1  [["id", "4"]]
  Rendered movies/show.html.haml within layouts/application (5.4ms)
  Rendered sessions/_login.html.haml (0.3ms)
Completed 200 OK in 13.7ms (Views: 10.8ms | ActiveRecord: 0.4ms)


Started GET "/assets/application.css?body=1" for 127.0.0.1 at 2015-08-12 20:32:06 -0400
Served asset /application.css - 304 Not Modified (0ms)


Started GET "/movies/movies" for 127.0.0.1 at 2015-08-12 20:36:06 -0400
Processing by MoviesController#show as HTML
  Parameters: {"id"=>"movies"}
  [1m[36mMoviegoer Load (0.3ms)[0m  [1mSELECT "moviegoers".* FROM "moviegoers" WHERE "moviegoers"."id" = 1 LIMIT 1[0m
  [1m[35mMovie Load (0.1ms)[0m  SELECT "movies".* FROM "movies" WHERE "movies"."id" = ? LIMIT 1  [["id", "movies"]]
Completed 404 Not Found in 3.0ms

ActiveRecord::RecordNotFound (Couldn't find Movie with id=movies):
  app/controllers/movies_controller.rb:19:in `show'


  Rendered /home/greg/.rvm/gems/ruby-1.9.3-p551/gems/actionpack-3.2.15/lib/action_dispatch/middleware/templates/rescues/_trace.erb (1.5ms)
  Rendered /home/greg/.rvm/gems/ruby-1.9.3-p551/gems/actionpack-3.2.15/lib/action_dispatch/middleware/templates/rescues/_request_and_response.erb (1.1ms)
  Rendered /home/greg/.rvm/gems/ruby-1.9.3-p551/gems/actionpack-3.2.15/lib/action_dispatch/middleware/templates/rescues/diagnostics.erb within rescues/layout (10.4ms)


Started GET "/" for 127.0.0.1 at 2015-08-12 20:36:10 -0400


Started GET "/movies" for 127.0.0.1 at 2015-08-12 20:36:11 -0400
Processing by MoviesController#index as HTML
  [1m[36mMoviegoer Load (0.3ms)[0m  [1mSELECT "moviegoers".* FROM "moviegoers" WHERE "moviegoers"."id" = 1 LIMIT 1[0m
  [1m[35mMovie Load (0.2ms)[0m  SELECT "movies".* FROM "movies" 
  Rendered movies/index.html.haml within layouts/application (2.4ms)
  Rendered sessions/_login.html.haml (0.3ms)
Completed 200 OK in 10.3ms (Views: 7.2ms | ActiveRecord: 0.5ms)


Started GET "/assets/application.css?body=1" for 127.0.0.1 at 2015-08-12 20:36:11 -0400
Served asset /application.css - 304 Not Modified (0ms)


Started GET "/movies" for 127.0.0.1 at 2015-08-12 20:37:15 -0400
Processing by MoviesController#index as HTML
  [1m[36mMoviegoer Load (0.4ms)[0m  [1mSELECT "moviegoers".* FROM "moviegoers" WHERE "moviegoers"."id" = 1 LIMIT 1[0m
  [1m[35mMovie Load (0.2ms)[0m  SELECT "movies".* FROM "movies" 
  Rendered movies/index.html.haml within layouts/application (2.9ms)
Completed 500 Internal Server Error in 30.8ms

ActionView::Template::Error (Missing partial movies/login, application/login with {:locale=>[:en], :formats=>[:html], :handlers=>[:erb, :builder, :coffee, :haml]}. Searched in:
  * "/home/greg/CS/ch5/rottenpotatoes/app/views"
):
    10:     %h1.title Rotten Potatoes!
    11:     %h2
    12:       = form_tag '/sessions', method: :post do
    13:         = render :partial => 'login'
    14:     #main
    15:       - if flash[:notice]
    16:         #notice.message= flash[:notice]
  app/views/layouts/application.html.haml:13:in `block in _app_views_layouts_application_html_haml___4277677730147646884_70231272115300'
  app/views/layouts/application.html.haml:12:in `_app_views_layouts_application_html_haml___4277677730147646884_70231272115300'


  Rendered /home/greg/.rvm/gems/ruby-1.9.3-p551/gems/actionpack-3.2.15/lib/action_dispatch/middleware/templates/rescues/_trace.erb (1.3ms)
  Rendered /home/greg/.rvm/gems/ruby-1.9.3-p551/gems/actionpack-3.2.15/lib/action_dispatch/middleware/templates/rescues/_request_and_response.erb (0.9ms)
  Rendered /home/greg/.rvm/gems/ruby-1.9.3-p551/gems/actionpack-3.2.15/lib/action_dispatch/middleware/templates/rescues/template_error.erb within rescues/layout (8.8ms)


Started GET "/movies" for 127.0.0.1 at 2015-08-12 20:38:36 -0400
Connecting to database specified by database.yml
Processing by MoviesController#index as HTML
  [1m[36mMoviegoer Load (0.1ms)[0m  [1mSELECT "moviegoers".* FROM "moviegoers" WHERE "moviegoers"."id" = 1 LIMIT 1[0m
  [1m[35mMovie Load (0.1ms)[0m  SELECT "movies".* FROM "movies" 
  Rendered movies/index.html.haml within layouts/application (29.9ms)
  Rendered sessions/_login.html.haml (1.5ms)
Completed 200 OK in 124.1ms (Views: 75.7ms | ActiveRecord: 0.5ms)


Started GET "/assets/application.css?body=1" for 127.0.0.1 at 2015-08-12 20:38:36 -0400
Served asset /application.css - 304 Not Modified (1ms)


Started GET "/assets/jquery.js?body=1" for 127.0.0.1 at 2015-08-12 20:38:37 -0400
Served asset /jquery.js - 304 Not Modified (4ms)


Started GET "/assets/application.js?body=1" for 127.0.0.1 at 2015-08-12 20:38:37 -0400
Served asset /application.js - 304 Not Modified (3ms)


Started GET "/assets/jquery_ujs.js?body=1" for 127.0.0.1 at 2015-08-12 20:38:37 -0400
Served asset /jquery_ujs.js - 304 Not Modified (1ms)


Started GET "/movies/4" for 127.0.0.1 at 2015-08-12 20:38:39 -0400
Processing by MoviesController#show as HTML
  Parameters: {"id"=>"4"}
  [1m[36mMoviegoer Load (0.3ms)[0m  [1mSELECT "moviegoers".* FROM "moviegoers" WHERE "moviegoers"."id" = 1 LIMIT 1[0m
  [1m[35mMovie Load (0.2ms)[0m  SELECT "movies".* FROM "movies" WHERE "movies"."id" = ? LIMIT 1  [["id", "4"]]
  Rendered movies/show.html.haml within layouts/application (4.1ms)
  Rendered sessions/_login.html.haml (0.2ms)
Completed 200 OK in 14.4ms (Views: 11.0ms | ActiveRecord: 0.5ms)


Started GET "/assets/application.css?body=1" for 127.0.0.1 at 2015-08-12 20:38:39 -0400
Served asset /application.css - 304 Not Modified (0ms)


Started GET "/assets/jquery.js?body=1" for 127.0.0.1 at 2015-08-12 20:38:39 -0400
Served asset /jquery.js - 304 Not Modified (3ms)


Started GET "/assets/jquery_ujs.js?body=1" for 127.0.0.1 at 2015-08-12 20:38:39 -0400
Served asset /jquery_ujs.js - 304 Not Modified (0ms)


Started GET "/assets/application.js?body=1" for 127.0.0.1 at 2015-08-12 20:38:39 -0400
Served asset /application.js - 304 Not Modified (1ms)


Started GET "/movies/4/reviews/new" for 127.0.0.1 at 2015-08-12 20:38:41 -0400
Processing by ReviewsController#new as HTML
  Parameters: {"movie_id"=>"4"}
  [1m[36mMoviegoer Load (0.2ms)[0m  [1mSELECT "moviegoers".* FROM "moviegoers" WHERE "moviegoers"."id" = 1 LIMIT 1[0m
  [1m[35mMovie Load (0.2ms)[0m  SELECT "movies".* FROM "movies" WHERE "movies"."id" = 4 LIMIT 1
  Rendered reviews/new.html.haml within layouts/application (2.5ms)
  Rendered sessions/_login.html.haml (0.3ms)
Completed 200 OK in 98.8ms (Views: 7.7ms | ActiveRecord: 0.4ms)


Started GET "/assets/application.css?body=1" for 127.0.0.1 at 2015-08-12 20:38:41 -0400
Served asset /application.css - 304 Not Modified (0ms)


Started GET "/assets/jquery_ujs.js?body=1" for 127.0.0.1 at 2015-08-12 20:38:41 -0400
Served asset /jquery_ujs.js - 304 Not Modified (0ms)


Started GET "/assets/application.js?body=1" for 127.0.0.1 at 2015-08-12 20:38:41 -0400
Served asset /application.js - 304 Not Modified (1ms)


Started GET "/assets/jquery.js?body=1" for 127.0.0.1 at 2015-08-12 20:38:41 -0400
Served asset /jquery.js - 304 Not Modified (0ms)


Started GET "/movies/4/reviews/new" for 127.0.0.1 at 2015-08-12 20:40:21 -0400
Processing by ReviewsController#new as HTML
  Parameters: {"movie_id"=>"4"}
  [1m[36mMoviegoer Load (0.3ms)[0m  [1mSELECT "moviegoers".* FROM "moviegoers" WHERE "moviegoers"."id" = 1 LIMIT 1[0m
  [1m[35mMovie Load (0.2ms)[0m  SELECT "movies".* FROM "movies" WHERE "movies"."id" = 4 LIMIT 1
  Rendered reviews/new.html.haml within layouts/application (2.2ms)
Compiled application.css  (0ms)  (pid 2274)
  Rendered sessions/_login.html.haml (0.4ms)
Completed 200 OK in 24.1ms (Views: 19.6ms | ActiveRecord: 0.5ms)


Started GET "/assets/application.css?body=1" for 127.0.0.1 at 2015-08-12 20:40:21 -0400
Served asset /application.css - 200 OK (2ms)


Started GET "/assets/jquery.js?body=1" for 127.0.0.1 at 2015-08-12 20:40:21 -0400
Served asset /jquery.js - 304 Not Modified (3ms)


Started GET "/assets/jquery_ujs.js?body=1" for 127.0.0.1 at 2015-08-12 20:40:21 -0400
Served asset /jquery_ujs.js - 304 Not Modified (0ms)


Started GET "/assets/application.js?body=1" for 127.0.0.1 at 2015-08-12 20:40:21 -0400
Served asset /application.js - 304 Not Modified (0ms)


Started GET "/movies/4/reviews/new" for 127.0.0.1 at 2015-08-12 20:40:38 -0400
Processing by ReviewsController#new as HTML
  Parameters: {"movie_id"=>"4"}
  [1m[36mMoviegoer Load (0.3ms)[0m  [1mSELECT "moviegoers".* FROM "moviegoers" WHERE "moviegoers"."id" = 1 LIMIT 1[0m
  [1m[35mMovie Load (0.2ms)[0m  SELECT "movies".* FROM "movies" WHERE "movies"."id" = 4 LIMIT 1
  Rendered reviews/new.html.haml within layouts/application (1.8ms)
Compiled application.css  (0ms)  (pid 2274)
  Rendered sessions/_login.html.haml (0.4ms)
Completed 200 OK in 21.1ms (Views: 16.6ms | ActiveRecord: 0.5ms)


Started GET "/assets/application.css?body=1" for 127.0.0.1 at 2015-08-12 20:40:38 -0400
Served asset /application.css - 200 OK (2ms)


Started GET "/assets/jquery.js?body=1" for 127.0.0.1 at 2015-08-12 20:40:38 -0400
Served asset /jquery.js - 304 Not Modified (1ms)


Started GET "/assets/jquery_ujs.js?body=1" for 127.0.0.1 at 2015-08-12 20:40:38 -0400
Served asset /jquery_ujs.js - 304 Not Modified (23ms)


Started GET "/assets/application.js?body=1" for 127.0.0.1 at 2015-08-12 20:40:38 -0400
Served asset /application.js - 304 Not Modified (1ms)


Started POST "/movies/4/reviews" for 127.0.0.1 at 2015-08-12 20:40:41 -0400
Processing by ReviewsController#create as HTML
  Parameters: {"utf8"=>"✓", "authenticity_token"=>"VH6MEXbi6WfVQwmElx6ws0ageyZshkedI7Sw5MrYtjI=", "review"=>{"potatoes"=>"1"}, "commit"=>"Create Review", "movie_id"=>"4"}
  [1m[36mMoviegoer Load (0.2ms)[0m  [1mSELECT "moviegoers".* FROM "moviegoers" WHERE "moviegoers"."id" = 1 LIMIT 1[0m
  [1m[35mMovie Load (0.1ms)[0m  SELECT "movies".* FROM "movies" WHERE "movies"."id" = 4 LIMIT 1
  [1m[36m (0.1ms)[0m  [1mbegin transaction[0m
  [1m[35mCACHE (0.0ms)[0m  SELECT "movies".* FROM "movies" WHERE "movies"."id" = 4 LIMIT 1
  [1m[36mSQL (29.7ms)[0m  [1mINSERT INTO "reviews" ("comments", "movie_id", "moviegoer_id", "potatoes") VALUES (?, ?, ?, ?)[0m  [["comments", nil], ["movie_id", 4], ["moviegoer_id", 1], ["potatoes", 1]]
  [1m[35m (3.3ms)[0m  commit transaction
Redirected to http://localhost:3000/movies/4
Completed 302 Found in 49.3ms (ActiveRecord: 33.4ms)


Started GET "/movies/4" for 127.0.0.1 at 2015-08-12 20:40:41 -0400
Processing by MoviesController#show as HTML
  Parameters: {"id"=>"4"}
  [1m[36mMoviegoer Load (0.1ms)[0m  [1mSELECT "moviegoers".* FROM "moviegoers" WHERE "moviegoers"."id" = 1 LIMIT 1[0m
  [1m[35mMovie Load (0.1ms)[0m  SELECT "movies".* FROM "movies" WHERE "movies"."id" = ? LIMIT 1  [["id", "4"]]
  Rendered movies/show.html.haml within layouts/application (1.0ms)
  Rendered sessions/_login.html.haml (0.2ms)
Completed 200 OK in 6.4ms (Views: 5.1ms | ActiveRecord: 0.2ms)


Started GET "/assets/application.css?body=1" for 127.0.0.1 at 2015-08-12 20:40:41 -0400
Served asset /application.css - 304 Not Modified (0ms)


Started GET "/assets/application.js?body=1" for 127.0.0.1 at 2015-08-12 20:40:41 -0400
Served asset /application.js - 304 Not Modified (3ms)


Started GET "/assets/jquery.js?body=1" for 127.0.0.1 at 2015-08-12 20:40:41 -0400
Served asset /jquery.js - 304 Not Modified (1ms)


Started GET "/assets/jquery_ujs.js?body=1" for 127.0.0.1 at 2015-08-12 20:40:41 -0400
Served asset /jquery_ujs.js - 304 Not Modified (0ms)


Started GET "/movies/4" for 127.0.0.1 at 2015-08-12 20:45:34 -0400
Processing by MoviesController#show as HTML
  Parameters: {"id"=>"4"}
  [1m[36mMoviegoer Load (0.2ms)[0m  [1mSELECT "moviegoers".* FROM "moviegoers" WHERE "moviegoers"."id" = 1 LIMIT 1[0m
  [1m[35mMovie Load (0.1ms)[0m  SELECT "movies".* FROM "movies" WHERE "movies"."id" = ? LIMIT 1  [["id", "4"]]
  Rendered movies/show.html.haml within layouts/application (1.6ms)
  Rendered sessions/_login.html.haml (0.3ms)
Completed 200 OK in 11.1ms (Views: 8.5ms | ActiveRecord: 0.3ms)


Started GET "/assets/application.css?body=1" for 127.0.0.1 at 2015-08-12 20:45:34 -0400
Served asset /application.css - 304 Not Modified (2ms)


Started GET "/assets/jquery.js?body=1" for 127.0.0.1 at 2015-08-12 20:45:34 -0400
Served asset /jquery.js - 304 Not Modified (2ms)


Started GET "/assets/jquery_ujs.js?body=1" for 127.0.0.1 at 2015-08-12 20:45:34 -0400
Served asset /jquery_ujs.js - 304 Not Modified (0ms)


Started GET "/assets/application.js?body=1" for 127.0.0.1 at 2015-08-12 20:45:34 -0400
Served asset /application.js - 304 Not Modified (0ms)


Started GET "/movies/4" for 127.0.0.1 at 2015-08-12 20:45:35 -0400
Processing by MoviesController#show as HTML
  Parameters: {"id"=>"4"}
  [1m[36mMoviegoer Load (0.2ms)[0m  [1mSELECT "moviegoers".* FROM "moviegoers" WHERE "moviegoers"."id" = 1 LIMIT 1[0m
  [1m[35mMovie Load (0.1ms)[0m  SELECT "movies".* FROM "movies" WHERE "movies"."id" = ? LIMIT 1  [["id", "4"]]
  Rendered movies/show.html.haml within layouts/application (1.4ms)
  Rendered sessions/_login.html.haml (0.2ms)
Completed 200 OK in 9.3ms (Views: 7.3ms | ActiveRecord: 0.3ms)


Started GET "/assets/application.css?body=1" for 127.0.0.1 at 2015-08-12 20:45:35 -0400
Served asset /application.css - 304 Not Modified (1ms)


Started GET "/assets/jquery.js?body=1" for 127.0.0.1 at 2015-08-12 20:45:35 -0400
Served asset /jquery.js - 304 Not Modified (2ms)


Started GET "/assets/jquery_ujs.js?body=1" for 127.0.0.1 at 2015-08-12 20:45:35 -0400
Served asset /jquery_ujs.js - 304 Not Modified (0ms)


Started GET "/assets/application.js?body=1" for 127.0.0.1 at 2015-08-12 20:45:35 -0400
Served asset /application.js - 304 Not Modified (0ms)


Started GET "/movies/4" for 127.0.0.1 at 2015-08-12 20:46:21 -0400
Processing by MoviesController#show as HTML
  Parameters: {"id"=>"4"}
  [1m[36mMoviegoer Load (0.3ms)[0m  [1mSELECT "moviegoers".* FROM "moviegoers" WHERE "moviegoers"."id" = 1 LIMIT 1[0m
  [1m[35mMovie Load (0.1ms)[0m  SELECT "movies".* FROM "movies" WHERE "movies"."id" = ? LIMIT 1  [["id", "4"]]
  Rendered movies/show.html.haml within layouts/application (45.3ms)
Completed 500 Internal Server Error in 50.8ms

ActionView::Template::Error (Illegal nesting: content can't be both given on the same line as %h3 and nested within it.):
    11:     = @movie.release_date.strftime("%B %d, %Y")
    12: 
    13: %h3 Reviews:
    14:   - @movies.each do |movie|
    15: 	  %tr
    16: 		%td= movie.title 
    17: 		%td= movie.rating
  app/views/movies/show.html.haml:14


  Rendered /home/greg/.rvm/gems/ruby-1.9.3-p551/gems/actionpack-3.2.15/lib/action_dispatch/middleware/templates/rescues/_trace.erb (1.5ms)
  Rendered /home/greg/.rvm/gems/ruby-1.9.3-p551/gems/actionpack-3.2.15/lib/action_dispatch/middleware/templates/rescues/_request_and_response.erb (1.0ms)
  Rendered /home/greg/.rvm/gems/ruby-1.9.3-p551/gems/actionpack-3.2.15/lib/action_dispatch/middleware/templates/rescues/template_error.erb within rescues/layout (9.6ms)


Started GET "/movies/4" for 127.0.0.1 at 2015-08-12 20:46:49 -0400
Processing by MoviesController#show as HTML
  Parameters: {"id"=>"4"}
  [1m[36mMoviegoer Load (0.3ms)[0m  [1mSELECT "moviegoers".* FROM "moviegoers" WHERE "moviegoers"."id" = 1 LIMIT 1[0m
  [1m[35mMovie Load (0.1ms)[0m  SELECT "movies".* FROM "movies" WHERE "movies"."id" = ? LIMIT 1  [["id", "4"]]
  Rendered movies/show.html.haml within layouts/application (1.7ms)
Completed 500 Internal Server Error in 7.3ms

ActionView::Template::Error (Illegal nesting: content can't be both given on the same line as %h3 and nested within it.):
    11:     = @movie.release_date.strftime("%B %d, %Y")
    12: 
    13: %h3 Reviews:
    14:   - @movies.each do |movie|
    15: 	  %tr
    16: 		%td= movie.title 
    17: 		%td= movie.rating
  app/views/movies/show.html.haml:14


  Rendered /home/greg/.rvm/gems/ruby-1.9.3-p551/gems/actionpack-3.2.15/lib/action_dispatch/middleware/templates/rescues/_trace.erb (2.1ms)
  Rendered /home/greg/.rvm/gems/ruby-1.9.3-p551/gems/actionpack-3.2.15/lib/action_dispatch/middleware/templates/rescues/_request_and_response.erb (1.4ms)
  Rendered /home/greg/.rvm/gems/ruby-1.9.3-p551/gems/actionpack-3.2.15/lib/action_dispatch/middleware/templates/rescues/template_error.erb within rescues/layout (13.0ms)


Started GET "/movies/4" for 127.0.0.1 at 2015-08-12 20:46:50 -0400
Processing by MoviesController#show as HTML
  Parameters: {"id"=>"4"}
  [1m[36mMoviegoer Load (0.3ms)[0m  [1mSELECT "moviegoers".* FROM "moviegoers" WHERE "moviegoers"."id" = 1 LIMIT 1[0m
  [1m[35mMovie Load (0.1ms)[0m  SELECT "movies".* FROM "movies" WHERE "movies"."id" = ? LIMIT 1  [["id", "4"]]
  Rendered movies/show.html.haml within layouts/application (1.8ms)
Completed 500 Internal Server Error in 7.7ms

ActionView::Template::Error (Illegal nesting: content can't be both given on the same line as %h3 and nested within it.):
    11:     = @movie.release_date.strftime("%B %d, %Y")
    12: 
    13: %h3 Reviews:
    14:   - @movies.each do |movie|
    15: 	  %tr
    16: 		%td= movie.title 
    17: 		%td= movie.rating
  app/views/movies/show.html.haml:14


  Rendered /home/greg/.rvm/gems/ruby-1.9.3-p551/gems/actionpack-3.2.15/lib/action_dispatch/middleware/templates/rescues/_trace.erb (2.1ms)
  Rendered /home/greg/.rvm/gems/ruby-1.9.3-p551/gems/actionpack-3.2.15/lib/action_dispatch/middleware/templates/rescues/_request_and_response.erb (1.5ms)
  Rendered /home/greg/.rvm/gems/ruby-1.9.3-p551/gems/actionpack-3.2.15/lib/action_dispatch/middleware/templates/rescues/template_error.erb within rescues/layout (13.9ms)


Started GET "/movies/4" for 127.0.0.1 at 2015-08-12 20:48:12 -0400
Processing by MoviesController#show as HTML
  Parameters: {"id"=>"4"}
  [1m[36mMoviegoer Load (0.3ms)[0m  [1mSELECT "moviegoers".* FROM "moviegoers" WHERE "moviegoers"."id" = 1 LIMIT 1[0m
  [1m[35mMovie Load (0.1ms)[0m  SELECT "movies".* FROM "movies" WHERE "movies"."id" = ? LIMIT 1  [["id", "4"]]
  Rendered movies/show.html.haml within layouts/application (1.8ms)
Completed 500 Internal Server Error in 6.2ms

ActionView::Template::Error (Illegal nesting: content can't be both given on the same line as %h3 and nested within it.):
    11:     = @movie.release_date.strftime("%B %d, %Y")
    12: 
    13: %h3 Reviews:
    14:   - @movies.each do |movie|
    15: 	  %tr
    16: 		  %td= movie.title 
    17: 		  %td= movie.rating
  app/views/movies/show.html.haml:14


  Rendered /home/greg/.rvm/gems/ruby-1.9.3-p551/gems/actionpack-3.2.15/lib/action_dispatch/middleware/templates/rescues/_trace.erb (1.8ms)
  Rendered /home/greg/.rvm/gems/ruby-1.9.3-p551/gems/actionpack-3.2.15/lib/action_dispatch/middleware/templates/rescues/_request_and_response.erb (1.3ms)
  Rendered /home/greg/.rvm/gems/ruby-1.9.3-p551/gems/actionpack-3.2.15/lib/action_dispatch/middleware/templates/rescues/template_error.erb within rescues/layout (11.1ms)


Started GET "/movies/4" for 127.0.0.1 at 2015-08-12 20:49:57 -0400
Processing by MoviesController#show as HTML
  Parameters: {"id"=>"4"}
  [1m[36mMoviegoer Load (0.4ms)[0m  [1mSELECT "moviegoers".* FROM "moviegoers" WHERE "moviegoers"."id" = 1 LIMIT 1[0m
  [1m[35mMovie Load (0.2ms)[0m  SELECT "movies".* FROM "movies" WHERE "movies"."id" = ? LIMIT 1  [["id", "4"]]
  Rendered movies/show.html.haml within layouts/application (1.2ms)
Completed 500 Internal Server Error in 6.0ms

ActionView::Template::Error (Inconsistent indentation: 1 tab used for indentation, but the rest of the document was indented using 2 spaces.):
    11:     = @movie.release_date.strftime("%B %d, %Y")
    12: 
    13: %table#movies
    14: 	%thead
    15: 		%tr
    16: 			%th Movie Title
    17: 			%th Rating
  app/views/movies/show.html.haml:14


  Rendered /home/greg/.rvm/gems/ruby-1.9.3-p551/gems/actionpack-3.2.15/lib/action_dispatch/middleware/templates/rescues/_trace.erb (1.8ms)
  Rendered /home/greg/.rvm/gems/ruby-1.9.3-p551/gems/actionpack-3.2.15/lib/action_dispatch/middleware/templates/rescues/_request_and_response.erb (1.0ms)
  Rendered /home/greg/.rvm/gems/ruby-1.9.3-p551/gems/actionpack-3.2.15/lib/action_dispatch/middleware/templates/rescues/template_error.erb within rescues/layout (9.9ms)


Started GET "/movies/4" for 127.0.0.1 at 2015-08-12 20:50:48 -0400
Processing by MoviesController#show as HTML
  Parameters: {"id"=>"4"}
  [1m[36mMoviegoer Load (0.3ms)[0m  [1mSELECT "moviegoers".* FROM "moviegoers" WHERE "moviegoers"."id" = 1 LIMIT 1[0m
  [1m[35mMovie Load (0.1ms)[0m  SELECT "movies".* FROM "movies" WHERE "movies"."id" = ? LIMIT 1  [["id", "4"]]
  Rendered movies/show.html.haml within layouts/application (1.8ms)
Completed 500 Internal Server Error in 7.0ms

ActionView::Template::Error (Inconsistent indentation: 2 tabs used for indentation, but the rest of the document was indented using 2 spaces.):
    12: 
    13: %table#movies
    14:   %thead
    15: 		%tr
    16: 			%th Movie Title
    17: 			%th Rating
    18: 			%th Release Date
  app/views/movies/show.html.haml:15


  Rendered /home/greg/.rvm/gems/ruby-1.9.3-p551/gems/actionpack-3.2.15/lib/action_dispatch/middleware/templates/rescues/_trace.erb (1.5ms)
  Rendered /home/greg/.rvm/gems/ruby-1.9.3-p551/gems/actionpack-3.2.15/lib/action_dispatch/middleware/templates/rescues/_request_and_response.erb (1.1ms)
  Rendered /home/greg/.rvm/gems/ruby-1.9.3-p551/gems/actionpack-3.2.15/lib/action_dispatch/middleware/templates/rescues/template_error.erb within rescues/layout (9.9ms)


Started GET "/movies/4" for 127.0.0.1 at 2015-08-12 20:50:49 -0400
Processing by MoviesController#show as HTML
  Parameters: {"id"=>"4"}
  [1m[36mMoviegoer Load (0.3ms)[0m  [1mSELECT "moviegoers".* FROM "moviegoers" WHERE "moviegoers"."id" = 1 LIMIT 1[0m
  [1m[35mMovie Load (0.1ms)[0m  SELECT "movies".* FROM "movies" WHERE "movies"."id" = ? LIMIT 1  [["id", "4"]]
  Rendered movies/show.html.haml within layouts/application (1.2ms)
Completed 500 Internal Server Error in 6.2ms

ActionView::Template::Error (Inconsistent indentation: 2 tabs used for indentation, but the rest of the document was indented using 2 spaces.):
    12: 
    13: %table#movies
    14:   %thead
    15: 		%tr
    16: 			%th Movie Title
    17: 			%th Rating
    18: 			%th Release Date
  app/views/movies/show.html.haml:15


  Rendered /home/greg/.rvm/gems/ruby-1.9.3-p551/gems/actionpack-3.2.15/lib/action_dispatch/middleware/templates/rescues/_trace.erb (1.5ms)
  Rendered /home/greg/.rvm/gems/ruby-1.9.3-p551/gems/actionpack-3.2.15/lib/action_dispatch/middleware/templates/rescues/_request_and_response.erb (1.1ms)
  Rendered /home/greg/.rvm/gems/ruby-1.9.3-p551/gems/actionpack-3.2.15/lib/action_dispatch/middleware/templates/rescues/template_error.erb within rescues/layout (10.4ms)


Started GET "/movies/4" for 127.0.0.1 at 2015-08-12 20:51:17 -0400
Processing by MoviesController#show as HTML
  Parameters: {"id"=>"4"}
  [1m[36mMoviegoer Load (0.3ms)[0m  [1mSELECT "moviegoers".* FROM "moviegoers" WHERE "moviegoers"."id" = 1 LIMIT 1[0m
  [1m[35mMovie Load (0.1ms)[0m  SELECT "movies".* FROM "movies" WHERE "movies"."id" = ? LIMIT 1  [["id", "4"]]
  Rendered movies/show.html.haml within layouts/application (1.7ms)
Completed 500 Internal Server Error in 6.9ms

ActionView::Template::Error (Inconsistent indentation: "\t  " used for indentation, but the rest of the document was indented using 2 spaces.):
    12: 
    13: %table#movies
    14:   %thead
    15: 	  %tr
    16: 			%th Movie Title
    17: 			%th Rating
    18: 			%th Release Date
  app/views/movies/show.html.haml:15


  Rendered /home/greg/.rvm/gems/ruby-1.9.3-p551/gems/actionpack-3.2.15/lib/action_dispatch/middleware/templates/rescues/_trace.erb (1.9ms)
  Rendered /home/greg/.rvm/gems/ruby-1.9.3-p551/gems/actionpack-3.2.15/lib/action_dispatch/middleware/templates/rescues/_request_and_response.erb (1.2ms)
  Rendered /home/greg/.rvm/gems/ruby-1.9.3-p551/gems/actionpack-3.2.15/lib/action_dispatch/middleware/templates/rescues/template_error.erb within rescues/layout (12.0ms)


Started GET "/movies/4" for 127.0.0.1 at 2015-08-12 20:51:47 -0400
Processing by MoviesController#show as HTML
  Parameters: {"id"=>"4"}
  [1m[36mMoviegoer Load (0.3ms)[0m  [1mSELECT "moviegoers".* FROM "moviegoers" WHERE "moviegoers"."id" = 1 LIMIT 1[0m
  [1m[35mMovie Load (0.1ms)[0m  SELECT "movies".* FROM "movies" WHERE "movies"."id" = ? LIMIT 1  [["id", "4"]]
  Rendered movies/show.html.haml within layouts/application (7.6ms)
Completed 500 Internal Server Error in 13.2ms

ActionView::Template::Error (undefined method `each' for nil:NilClass):
    18:       %th Release Date
    19:       %th More Info
    20:     %tbody
    21:       - @movies.each do |movie|
    22:         %tr
    23:         %td= movie.title 
    24:         %td= movie.rating
  app/views/movies/show.html.haml:21:in `_app_views_movies_show_html_haml___612068753787496736_70104909200240'


  Rendered /home/greg/.rvm/gems/ruby-1.9.3-p551/gems/actionpack-3.2.15/lib/action_dispatch/middleware/templates/rescues/_trace.erb (1.8ms)
  Rendered /home/greg/.rvm/gems/ruby-1.9.3-p551/gems/actionpack-3.2.15/lib/action_dispatch/middleware/templates/rescues/_request_and_response.erb (1.3ms)
  Rendered /home/greg/.rvm/gems/ruby-1.9.3-p551/gems/actionpack-3.2.15/lib/action_dispatch/middleware/templates/rescues/template_error.erb within rescues/layout (12.8ms)


Started GET "/" for 127.0.0.1 at 2015-08-12 20:55:02 -0400


Started GET "/movies" for 127.0.0.1 at 2015-08-12 20:55:02 -0400
Processing by MoviesController#index as HTML
  [1m[36mMoviegoer Load (0.2ms)[0m  [1mSELECT "moviegoers".* FROM "moviegoers" WHERE "moviegoers"."id" = 1 LIMIT 1[0m
  [1m[35mMovie Load (0.2ms)[0m  SELECT "movies".* FROM "movies" 
  Rendered movies/index.html.haml within layouts/application (2.6ms)
  Rendered sessions/_login.html.haml (0.2ms)
Completed 200 OK in 10.9ms (Views: 8.4ms | ActiveRecord: 0.4ms)


Started GET "/assets/application.css?body=1" for 127.0.0.1 at 2015-08-12 20:55:02 -0400
Served asset /application.css - 304 Not Modified (0ms)


Started GET "/assets/application.js?body=1" for 127.0.0.1 at 2015-08-12 20:55:02 -0400
Served asset /application.js - 304 Not Modified (2ms)


Started GET "/assets/jquery.js?body=1" for 127.0.0.1 at 2015-08-12 20:55:02 -0400
Served asset /jquery.js - 304 Not Modified (0ms)


Started GET "/assets/jquery_ujs.js?body=1" for 127.0.0.1 at 2015-08-12 20:55:02 -0400
Served asset /jquery_ujs.js - 304 Not Modified (0ms)


Started GET "/movies/4" for 127.0.0.1 at 2015-08-12 20:55:13 -0400
Processing by MoviesController#show as HTML
  Parameters: {"id"=>"4"}
  [1m[36mMoviegoer Load (0.3ms)[0m  [1mSELECT "moviegoers".* FROM "moviegoers" WHERE "moviegoers"."id" = 1 LIMIT 1[0m
  [1m[35mMovie Load (0.1ms)[0m  SELECT "movies".* FROM "movies" WHERE "movies"."id" = ? LIMIT 1  [["id", "4"]]
  Rendered movies/show.html.haml within layouts/application (1.0ms)
Completed 500 Internal Server Error in 6.2ms

ActionView::Template::Error (undefined method `each' for nil:NilClass):
    18:       %th Release Date
    19:       %th More Info
    20:     %tbody
    21:       - @movies.each do |movie|
    22:         %tr
    23:         %td= movie.title 
    24:         %td= movie.rating
  app/views/movies/show.html.haml:21:in `_app_views_movies_show_html_haml___612068753787496736_70104909200240'


  Rendered /home/greg/.rvm/gems/ruby-1.9.3-p551/gems/actionpack-3.2.15/lib/action_dispatch/middleware/templates/rescues/_trace.erb (1.6ms)
  Rendered /home/greg/.rvm/gems/ruby-1.9.3-p551/gems/actionpack-3.2.15/lib/action_dispatch/middleware/templates/rescues/_request_and_response.erb (1.1ms)
  Rendered /home/greg/.rvm/gems/ruby-1.9.3-p551/gems/actionpack-3.2.15/lib/action_dispatch/middleware/templates/rescues/template_error.erb within rescues/layout (10.1ms)


Started GET "/movies/4" for 127.0.0.1 at 2015-08-12 20:58:43 -0400
Processing by MoviesController#show as HTML
  Parameters: {"id"=>"4"}
  [1m[36mMoviegoer Load (0.1ms)[0m  [1mSELECT "moviegoers".* FROM "moviegoers" WHERE "moviegoers"."id" = 1 LIMIT 1[0m
  [1m[35mMovie Load (0.1ms)[0m  SELECT "movies".* FROM "movies" WHERE "movies"."id" = ? LIMIT 1  [["id", "4"]]
  Rendered movies/show.html.haml within layouts/application (2.9ms)
  Rendered sessions/_login.html.haml (0.2ms)
Completed 200 OK in 25.1ms (Views: 7.6ms | ActiveRecord: 0.5ms)


Started GET "/assets/application.css?body=1" for 127.0.0.1 at 2015-08-12 20:58:44 -0400
Served asset /application.css - 304 Not Modified (0ms)


Started GET "/assets/jquery.js?body=1" for 127.0.0.1 at 2015-08-12 20:58:44 -0400
Served asset /jquery.js - 304 Not Modified (1ms)


Started GET "/assets/jquery_ujs.js?body=1" for 127.0.0.1 at 2015-08-12 20:58:44 -0400
Served asset /jquery_ujs.js - 304 Not Modified (0ms)


Started GET "/assets/application.js?body=1" for 127.0.0.1 at 2015-08-12 20:58:44 -0400
Served asset /application.js - 304 Not Modified (0ms)


Started GET "/movies/4/reviews/new" for 127.0.0.1 at 2015-08-12 20:58:45 -0400
Processing by ReviewsController#new as HTML
  Parameters: {"movie_id"=>"4"}
  [1m[36mMoviegoer Load (0.1ms)[0m  [1mSELECT "moviegoers".* FROM "moviegoers" WHERE "moviegoers"."id" = 1 LIMIT 1[0m
  [1m[35mMovie Load (0.1ms)[0m  SELECT "movies".* FROM "movies" WHERE "movies"."id" = 4 LIMIT 1
  Rendered reviews/new.html.haml within layouts/application (1.3ms)
  Rendered sessions/_login.html.haml (0.3ms)
Completed 200 OK in 17.0ms (Views: 7.9ms | ActiveRecord: 0.3ms)


Started GET "/assets/application.css?body=1" for 127.0.0.1 at 2015-08-12 20:58:45 -0400
Served asset /application.css - 304 Not Modified (0ms)


Started GET "/assets/jquery_ujs.js?body=1" for 127.0.0.1 at 2015-08-12 20:58:45 -0400
Served asset /jquery_ujs.js - 304 Not Modified (0ms)


Started GET "/assets/jquery.js?body=1" for 127.0.0.1 at 2015-08-12 20:58:45 -0400
Served asset /jquery.js - 304 Not Modified (0ms)


Started GET "/assets/application.js?body=1" for 127.0.0.1 at 2015-08-12 20:58:45 -0400
Served asset /application.js - 304 Not Modified (0ms)


Started POST "/movies/4/reviews" for 127.0.0.1 at 2015-08-12 20:58:46 -0400
Processing by ReviewsController#create as HTML
  Parameters: {"utf8"=>"✓", "authenticity_token"=>"VH6MEXbi6WfVQwmElx6ws0ageyZshkedI7Sw5MrYtjI=", "review"=>{"potatoes"=>"1"}, "commit"=>"Create Review", "movie_id"=>"4"}
  [1m[36mMoviegoer Load (0.2ms)[0m  [1mSELECT "moviegoers".* FROM "moviegoers" WHERE "moviegoers"."id" = 1 LIMIT 1[0m
  [1m[35mMovie Load (0.2ms)[0m  SELECT "movies".* FROM "movies" WHERE "movies"."id" = 4 LIMIT 1
  [1m[36m (0.1ms)[0m  [1mbegin transaction[0m
  [1m[35mCACHE (0.0ms)[0m  SELECT "movies".* FROM "movies" WHERE "movies"."id" = 4 LIMIT 1
  [1m[36mSQL (0.2ms)[0m  [1mINSERT INTO "reviews" ("comments", "movie_id", "moviegoer_id", "potatoes") VALUES (?, ?, ?, ?)[0m  [["comments", nil], ["movie_id", 4], ["moviegoer_id", 1], ["potatoes", 1]]
  [1m[35m (3.6ms)[0m  commit transaction
Redirected to http://localhost:3000/movies/4
Completed 302 Found in 14.2ms (ActiveRecord: 4.3ms)


Started GET "/movies/4" for 127.0.0.1 at 2015-08-12 20:58:46 -0400
Processing by MoviesController#show as HTML
  Parameters: {"id"=>"4"}
  [1m[36mMoviegoer Load (0.2ms)[0m  [1mSELECT "moviegoers".* FROM "moviegoers" WHERE "moviegoers"."id" = 1 LIMIT 1[0m
  [1m[35mMovie Load (0.1ms)[0m  SELECT "movies".* FROM "movies" WHERE "movies"."id" = ? LIMIT 1  [["id", "4"]]
  Rendered movies/show.html.haml within layouts/application (1.1ms)
  Rendered sessions/_login.html.haml (0.2ms)
Completed 200 OK in 8.0ms (Views: 5.9ms | ActiveRecord: 0.3ms)


Started GET "/assets/application.css?body=1" for 127.0.0.1 at 2015-08-12 20:58:46 -0400
Served asset /application.css - 304 Not Modified (0ms)


Started GET "/assets/jquery_ujs.js?body=1" for 127.0.0.1 at 2015-08-12 20:58:46 -0400
Served asset /jquery_ujs.js - 304 Not Modified (0ms)


Started GET "/assets/jquery.js?body=1" for 127.0.0.1 at 2015-08-12 20:58:46 -0400
Served asset /jquery.js - 304 Not Modified (1ms)


Started GET "/assets/application.js?body=1" for 127.0.0.1 at 2015-08-12 20:58:46 -0400
Served asset /application.js - 304 Not Modified (1ms)


Started GET "/movies" for 127.0.0.1 at 2015-08-12 20:58:50 -0400
Processing by MoviesController#index as HTML
  [1m[36mMoviegoer Load (0.3ms)[0m  [1mSELECT "moviegoers".* FROM "moviegoers" WHERE "moviegoers"."id" = 1 LIMIT 1[0m
  [1m[35mMovie Load (0.2ms)[0m  SELECT "movies".* FROM "movies" 
  Rendered movies/index.html.haml within layouts/application (35.2ms)
  Rendered sessions/_login.html.haml (0.2ms)
Completed 200 OK in 44.8ms (Views: 41.5ms | ActiveRecord: 0.5ms)


Started GET "/assets/application.css?body=1" for 127.0.0.1 at 2015-08-12 20:58:50 -0400
Served asset /application.css - 304 Not Modified (2ms)


Started GET "/assets/jquery.js?body=1" for 127.0.0.1 at 2015-08-12 20:58:50 -0400
Served asset /jquery.js - 304 Not Modified (0ms)


Started GET "/assets/jquery_ujs.js?body=1" for 127.0.0.1 at 2015-08-12 20:58:50 -0400
Served asset /jquery_ujs.js - 304 Not Modified (0ms)


Started GET "/assets/application.js?body=1" for 127.0.0.1 at 2015-08-12 20:58:50 -0400
Served asset /application.js - 304 Not Modified (1ms)
Connecting to database specified by database.yml
  [1m[36m (1.7ms)[0m  [1mselect sqlite_version(*)[0m
  [1m[35m (3.0ms)[0m  CREATE TABLE "moviegoers" ("id" INTEGER PRIMARY KEY AUTOINCREMENT NOT NULL, "name" varchar(255), "provider" varchar(255), "uid" varchar(255), "created_at" datetime NOT NULL, "updated_at" datetime NOT NULL) 
  [1m[36m (2.9ms)[0m  [1mCREATE TABLE "movies" ("id" INTEGER PRIMARY KEY AUTOINCREMENT NOT NULL, "title" varchar(255), "rating" varchar(255), "description" text, "release_date" datetime, "created_at" datetime NOT NULL, "updated_at" datetime NOT NULL) [0m
  [1m[35m (2.8ms)[0m  CREATE TABLE "reviews" ("id" INTEGER PRIMARY KEY AUTOINCREMENT NOT NULL, "potatoes" integer, "comments" text, "moviegoer_id" integer, "movie_id" integer) 
  [1m[36m (2.8ms)[0m  [1mCREATE TABLE "schema_migrations" ("version" varchar(255) NOT NULL) [0m
  [1m[35m (2.8ms)[0m  CREATE UNIQUE INDEX "unique_schema_migrations" ON "schema_migrations" ("version")
  [1m[36m (0.0ms)[0m  [1mSELECT version FROM "schema_migrations"[0m
  [1m[35m (2.0ms)[0m  INSERT INTO "schema_migrations" (version) VALUES ('20150812222806')
  [1m[36m (1.9ms)[0m  [1mINSERT INTO "schema_migrations" (version) VALUES ('20150811184016')[0m
  [1m[35m (2.0ms)[0m  INSERT INTO "schema_migrations" (version) VALUES ('20111119180638')
  [1m[36m (27.9ms)[0m  [1mSELECT "schema_migrations"."version" FROM "schema_migrations" [0m
  [1m[35m (0.1ms)[0m  begin transaction
  [1m[36mSQL (3.5ms)[0m  [1mINSERT INTO "movies" ("created_at", "description", "rating", "release_date", "title", "updated_at") VALUES (?, ?, ?, ?, ?, ?)[0m  [["created_at", Sat, 15 Aug 2015 21:51:57 UTC +00:00], ["description", "When a street urchin vies for the love of a beautiful princess, he uses a genie's magic power to make himself off as a prince in order to marry her."], ["rating", "G"], ["release_date", Wed, 25 Nov 1992 00:00:00 UTC +00:00], ["title", "Aladdin"], ["updated_at", Sat, 15 Aug 2015 21:51:57 UTC +00:00]]
  [1m[35m (2.2ms)[0m  commit transaction
  [1m[36m (0.0ms)[0m  [1mbegin transaction[0m
  [1m[35mSQL (0.2ms)[0m  INSERT INTO "movies" ("created_at", "description", "rating", "release_date", "title", "updated_at") VALUES (?, ?, ?, ?, ?, ?)  [["created_at", Sat, 15 Aug 2015 21:51:57 UTC +00:00], ["description", "Harry and Sally have known each other for years, and are very good friends, but they fear sex would ruin the friendship."], ["rating", "R"], ["release_date", Fri, 21 Jul 1989 00:00:00 UTC +00:00], ["title", "When Harry Met Sally"], ["updated_at", Sat, 15 Aug 2015 21:51:57 UTC +00:00]]
  [1m[36m (1.7ms)[0m  [1mcommit transaction[0m
  [1m[35m (0.0ms)[0m  begin transaction
  [1m[36mSQL (0.2ms)[0m  [1mINSERT INTO "movies" ("created_at", "description", "rating", "release_date", "title", "updated_at") VALUES (?, ?, ?, ?, ?, ?)[0m  [["created_at", Sat, 15 Aug 2015 21:51:57 UTC +00:00], ["description", "An aspiring author during the civil rights movement of the 1960s decides to write a book detailing the African-American maids' point of view on the white families for which they work, and the hardships they go through on a daily basis."], ["rating", "PG-13"], ["release_date", Wed, 10 Aug 2011 00:00:00 UTC +00:00], ["title", "The Help"], ["updated_at", Sat, 15 Aug 2015 21:51:57 UTC +00:00]]
  [1m[35m (1.8ms)[0m  commit transaction
  [1m[36m (0.0ms)[0m  [1mbegin transaction[0m
  [1m[35mSQL (0.2ms)[0m  INSERT INTO "movies" ("created_at", "description", "rating", "release_date", "title", "updated_at") VALUES (?, ?, ?, ?, ?, ?)  [["created_at", Sat, 15 Aug 2015 21:51:57 UTC +00:00], ["description", "Archaeologist and adventurer Indiana Jones is hired by the US government to find the Ark of the Covenant before the Nazis."], ["rating", "PG"], ["release_date", Fri, 12 Jun 1981 00:00:00 UTC +00:00], ["title", "Raiders Of The Lost Ark"], ["updated_at", Sat, 15 Aug 2015 21:51:57 UTC +00:00]]
  [1m[36m (2.5ms)[0m  [1mcommit transaction[0m
