

Started GET "/" for 127.0.0.1 at 2015-08-11 14:40:08 +0000
Connecting to database specified by database.yml

ActionController::RoutingError (No route matches [GET] "/"):
  actionpack (3.2.15) lib/action_dispatch/middleware/debug_exceptions.rb:21:in `call'
  actionpack (3.2.15) lib/action_dispatch/middleware/show_exceptions.rb:56:in `call'
  railties (3.2.15) lib/rails/rack/logger.rb:32:in `call_app'
  railties (3.2.15) lib/rails/rack/logger.rb:16:in `block in call'
  activesupport (3.2.15) lib/active_support/tagged_logging.rb:22:in `tagged'
  railties (3.2.15) lib/rails/rack/logger.rb:16:in `call'
  actionpack (3.2.15) lib/action_dispatch/middleware/request_id.rb:22:in `call'
  rack (1.4.5) lib/rack/methodoverride.rb:21:in `call'
  rack (1.4.5) lib/rack/runtime.rb:17:in `call'
  activesupport (3.2.15) lib/active_support/cache/strategy/local_cache.rb:72:in `call'
  rack (1.4.5) lib/rack/lock.rb:15:in `call'
  actionpack (3.2.15) lib/action_dispatch/middleware/static.rb:63:in `call'
  railties (3.2.15) lib/rails/engine.rb:484:in `call'
  railties (3.2.15) lib/rails/application.rb:231:in `call'
  rack (1.4.5) lib/rack/content_length.rb:14:in `call'
  railties (3.2.15) lib/rails/rack/log_tailer.rb:17:in `call'
  rack (1.4.5) lib/rack/handler/webrick.rb:59:in `service'
  /home/greg/.rvm/rubies/ruby-1.9.3-p551/lib/ruby/1.9.1/webrick/httpserver.rb:138:in `service'
  /home/greg/.rvm/rubies/ruby-1.9.3-p551/lib/ruby/1.9.1/webrick/httpserver.rb:94:in `run'
  /home/greg/.rvm/rubies/ruby-1.9.3-p551/lib/ruby/1.9.1/webrick/server.rb:191:in `block in start_thread'


  Rendered /home/greg/.rvm/gems/ruby-1.9.3-p551/gems/actionpack-3.2.15/lib/action_dispatch/middleware/templates/rescues/routing_error.erb within rescues/layout (6.2ms)
Connecting to database specified by database.yml


Started GET "/movies" for 127.0.0.1 at 2015-08-11 14:41:30 +0000
Connecting to database specified by database.yml
Processing by MoviesController#index as HTML
Completed 500 Internal Server Error in 0.5ms

ActiveRecord::StatementInvalid (Could not find table 'movies'):
  app/controllers/movies_controller.rb:36:in `index'


  Rendered /home/greg/.rvm/gems/ruby-1.9.3-p551/gems/actionpack-3.2.15/lib/action_dispatch/middleware/templates/rescues/_trace.erb (1.0ms)
  Rendered /home/greg/.rvm/gems/ruby-1.9.3-p551/gems/actionpack-3.2.15/lib/action_dispatch/middleware/templates/rescues/_request_and_response.erb (0.7ms)
  Rendered /home/greg/.rvm/gems/ruby-1.9.3-p551/gems/actionpack-3.2.15/lib/action_dispatch/middleware/templates/rescues/diagnostics.erb within rescues/layout (29.7ms)
Connecting to database specified by database.yml
  [1m[36m (0.1ms)[0m  [1mselect sqlite_version(*)[0m
  [1m[35m (4.6ms)[0m  CREATE TABLE "schema_migrations" ("version" varchar(255) NOT NULL) 
  [1m[36m (2.9ms)[0m  [1mCREATE UNIQUE INDEX "unique_schema_migrations" ON "schema_migrations" ("version")[0m
  [1m[35m (2.1ms)[0m  SELECT "schema_migrations"."version" FROM "schema_migrations" 
Connecting to database specified by database.yml
  [1m[36m (0.9ms)[0m  [1mSELECT "schema_migrations"."version" FROM "schema_migrations" [0m
Migrating to CreateMovies (20111119180638)
  [1m[35m (0.0ms)[0m  select sqlite_version(*)
  [1m[36m (0.0ms)[0m  [1mbegin transaction[0m
  [1m[35m (0.3ms)[0m  CREATE TABLE "movies" ("id" INTEGER PRIMARY KEY AUTOINCREMENT NOT NULL, "title" varchar(255), "rating" varchar(255), "description" text, "release_date" datetime, "created_at" datetime NOT NULL, "updated_at" datetime NOT NULL) 
  [1m[36m (0.1ms)[0m  [1mINSERT INTO "schema_migrations" ("version") VALUES ('20111119180638')[0m
  [1m[35m (3.8ms)[0m  commit transaction
  [1m[36m (0.1ms)[0m  [1mSELECT "schema_migrations"."version" FROM "schema_migrations" [0m
Connecting to database specified by database.yml
  [1m[36m (1.0ms)[0m  [1mSELECT "schema_migrations"."version" FROM "schema_migrations" [0m
  [1m[35m (0.2ms)[0m  select sqlite_version(*)
  [1m[36m (4.3ms)[0m  [1mCREATE TABLE "movies" ("id" INTEGER PRIMARY KEY AUTOINCREMENT NOT NULL, "title" varchar(255), "rating" varchar(255), "description" text, "release_date" datetime, "created_at" datetime NOT NULL, "updated_at" datetime NOT NULL) [0m
  [1m[35m (3.0ms)[0m  CREATE TABLE "schema_migrations" ("version" varchar(255) NOT NULL) 
  [1m[36m (3.0ms)[0m  [1mCREATE UNIQUE INDEX "unique_schema_migrations" ON "schema_migrations" ("version")[0m
  [1m[35m (0.0ms)[0m  SELECT version FROM "schema_migrations"
  [1m[36m (2.2ms)[0m  [1mINSERT INTO "schema_migrations" (version) VALUES ('20111119180638')[0m


Started GET "/movies" for 127.0.0.1 at 2015-08-11 14:43:11 +0000
Connecting to database specified by database.yml
Processing by MoviesController#index as HTML
  [1m[36mMovie Load (0.1ms)[0m  [1mSELECT "movies".* FROM "movies" WHERE "movies"."rating" IN ('G', 'PG', 'PG-13', 'NC-17', 'R')[0m
  Rendered movies/index.html.haml within layouts/application (6.2ms)
Compiled application.css  (0ms)  (pid 13644)
Compiled jquery.js  (1ms)  (pid 13644)
Compiled jquery_ujs.js  (0ms)  (pid 13644)
Compiled application.js  (34ms)  (pid 13644)
Completed 200 OK in 133.9ms (Views: 109.6ms | ActiveRecord: 0.1ms)


Started GET "/assets/application.css?body=1" for 127.0.0.1 at 2015-08-11 14:43:11 +0000
Served asset /application.css - 200 OK (2ms)


Started GET "/assets/jquery.js?body=1" for 127.0.0.1 at 2015-08-11 14:43:11 +0000
Served asset /jquery.js - 200 OK (2ms)


Started GET "/assets/jquery_ujs.js?body=1" for 127.0.0.1 at 2015-08-11 14:43:11 +0000
Served asset /jquery_ujs.js - 200 OK (1ms)


Started GET "/assets/application.js?body=1" for 127.0.0.1 at 2015-08-11 14:43:11 +0000
Served asset /application.js - 200 OK (3ms)
Connecting to database specified by database.yml


Started GET "/" for 127.0.0.1 at 2015-08-11 15:04:53 +0000
Connecting to database specified by database.yml


Started GET "/movies" for 127.0.0.1 at 2015-08-11 15:04:53 +0000
Processing by MoviesController#index as HTML
  [1m[36mMovie Load (0.1ms)[0m  [1mSELECT "movies".* FROM "movies" WHERE "movies"."rating" IN ('G', 'PG', 'PG-13', 'NC-17', 'R')[0m
  Rendered movies/index.html.haml within layouts/application (6.1ms)
Completed 200 OK in 68.6ms (Views: 44.3ms | ActiveRecord: 0.1ms)


Started GET "/assets/application.css?body=1" for 127.0.0.1 at 2015-08-11 15:04:54 +0000
Served asset /application.css - 304 Not Modified (1ms)


Started GET "/assets/application.js?body=1" for 127.0.0.1 at 2015-08-11 15:04:54 +0000
Served asset /application.js - 304 Not Modified (29ms)


Started GET "/assets/jquery.js?body=1" for 127.0.0.1 at 2015-08-11 15:04:54 +0000
Served asset /jquery.js - 304 Not Modified (2ms)


Started GET "/assets/jquery_ujs.js?body=1" for 127.0.0.1 at 2015-08-11 15:04:54 +0000
Served asset /jquery_ujs.js - 304 Not Modified (2ms)


Started GET "/" for 127.0.0.1 at 2015-08-11 15:05:01 +0000


Started GET "/movies" for 127.0.0.1 at 2015-08-11 15:05:01 +0000
Processing by MoviesController#index as HTML
  [1m[35mMovie Load (0.1ms)[0m  SELECT "movies".* FROM "movies" WHERE "movies"."rating" IN ('G', 'PG', 'PG-13', 'NC-17', 'R')
  Rendered movies/index.html.haml within layouts/application (1.7ms)
Completed 200 OK in 5.7ms (Views: 4.8ms | ActiveRecord: 0.1ms)


Started GET "/assets/application.css?body=1" for 127.0.0.1 at 2015-08-11 15:05:01 +0000
Served asset /application.css - 304 Not Modified (0ms)


Started GET "/assets/jquery_ujs.js?body=1" for 127.0.0.1 at 2015-08-11 15:05:01 +0000
Served asset /jquery_ujs.js - 304 Not Modified (0ms)


Started GET "/assets/jquery.js?body=1" for 127.0.0.1 at 2015-08-11 15:05:01 +0000
Served asset /jquery.js - 304 Not Modified (0ms)


Started GET "/assets/application.js?body=1" for 127.0.0.1 at 2015-08-11 15:05:01 +0000
Served asset /application.js - 304 Not Modified (0ms)
Connecting to database specified by database.yml
Connecting to database specified by database.yml
  [1m[36m (1.2ms)[0m  [1mSELECT "schema_migrations"."version" FROM "schema_migrations" [0m
  [1m[35m (0.1ms)[0m  begin transaction
  [1m[36mSQL (3.6ms)[0m  [1mINSERT INTO "movies" ("created_at", "description", "rating", "release_date", "title", "updated_at") VALUES (?, ?, ?, ?, ?, ?)[0m  [["created_at", Tue, 11 Aug 2015 15:20:47 UTC +00:00], ["description", nil], ["rating", "G"], ["release_date", Wed, 25 Nov 1992 00:00:00 UTC +00:00], ["title", "Aladdin"], ["updated_at", Tue, 11 Aug 2015 15:20:47 UTC +00:00]]
  [1m[35m (3.5ms)[0m  commit transaction
  [1m[36m (0.0ms)[0m  [1mbegin transaction[0m
  [1m[35mSQL (0.3ms)[0m  INSERT INTO "movies" ("created_at", "description", "rating", "release_date", "title", "updated_at") VALUES (?, ?, ?, ?, ?, ?)  [["created_at", Tue, 11 Aug 2015 15:20:47 UTC +00:00], ["description", nil], ["rating", "R"], ["release_date", Fri, 21 Jul 1989 00:00:00 UTC +00:00], ["title", "When Harry Met Sally"], ["updated_at", Tue, 11 Aug 2015 15:20:47 UTC +00:00]]
  [1m[36m (2.0ms)[0m  [1mcommit transaction[0m
  [1m[35m (0.0ms)[0m  begin transaction
  [1m[36mSQL (0.2ms)[0m  [1mINSERT INTO "movies" ("created_at", "description", "rating", "release_date", "title", "updated_at") VALUES (?, ?, ?, ?, ?, ?)[0m  [["created_at", Tue, 11 Aug 2015 15:20:47 UTC +00:00], ["description", nil], ["rating", "PG-13"], ["release_date", Wed, 10 Aug 2011 00:00:00 UTC +00:00], ["title", "The Help"], ["updated_at", Tue, 11 Aug 2015 15:20:47 UTC +00:00]]
  [1m[35m (1.9ms)[0m  commit transaction
  [1m[36m (0.0ms)[0m  [1mbegin transaction[0m
  [1m[35mSQL (0.2ms)[0m  INSERT INTO "movies" ("created_at", "description", "rating", "release_date", "title", "updated_at") VALUES (?, ?, ?, ?, ?, ?)  [["created_at", Tue, 11 Aug 2015 15:20:47 UTC +00:00], ["description", nil], ["rating", "PG"], ["release_date", Fri, 12 Jun 1981 00:00:00 UTC +00:00], ["title", "Raiders of the Lost Ark"], ["updated_at", Tue, 11 Aug 2015 15:20:47 UTC +00:00]]
  [1m[36m (2.0ms)[0m  [1mcommit transaction[0m


Started GET "/movies" for 127.0.0.1 at 2015-08-11 15:21:38 +0000
Connecting to database specified by database.yml
Processing by MoviesController#index as HTML
  [1m[36mMovie Load (0.2ms)[0m  [1mSELECT "movies".* FROM "movies" WHERE "movies"."rating" IN ('G', 'PG', 'PG-13', 'NC-17', 'R')[0m
  Rendered movies/index.html.haml within layouts/application (30.0ms)
Completed 200 OK in 76.2ms (Views: 68.5ms | ActiveRecord: 0.2ms)


Started GET "/assets/application.css?body=1" for 127.0.0.1 at 2015-08-11 15:21:38 +0000
Served asset /application.css - 304 Not Modified (1ms)


Started GET "/assets/application.js?body=1" for 127.0.0.1 at 2015-08-11 15:21:38 +0000
Served asset /application.js - 304 Not Modified (4ms)


Started GET "/assets/jquery_ujs.js?body=1" for 127.0.0.1 at 2015-08-11 15:21:38 +0000
Served asset /jquery_ujs.js - 304 Not Modified (1ms)


Started GET "/assets/jquery.js?body=1" for 127.0.0.1 at 2015-08-11 15:21:38 +0000
Served asset /jquery.js - 304 Not Modified (2ms)


Started GET "/movies/4" for 127.0.0.1 at 2015-08-11 15:21:46 +0000
Processing by MoviesController#show as HTML
  Parameters: {"id"=>"4"}
  [1m[35mMovie Load (0.5ms)[0m  SELECT "movies".* FROM "movies" WHERE "movies"."id" = ? LIMIT 1  [["id", "4"]]
  Rendered movies/show.html.haml within layouts/application (6.2ms)
Completed 200 OK in 17.6ms (Views: 13.2ms | ActiveRecord: 0.5ms)


Started GET "/assets/application.css?body=1" for 127.0.0.1 at 2015-08-11 15:21:46 +0000
Served asset /application.css - 304 Not Modified (0ms)


Started GET "/assets/jquery_ujs.js?body=1" for 127.0.0.1 at 2015-08-11 15:21:46 +0000
Served asset /jquery_ujs.js - 304 Not Modified (0ms)


Started GET "/assets/jquery.js?body=1" for 127.0.0.1 at 2015-08-11 15:21:46 +0000
Served asset /jquery.js - 304 Not Modified (0ms)


Started GET "/assets/application.js?body=1" for 127.0.0.1 at 2015-08-11 15:21:46 +0000
Served asset /application.js - 304 Not Modified (0ms)


Started GET "/" for 127.0.0.1 at 2015-08-11 15:39:01 +0000
Connecting to database specified by database.yml


Started GET "/movies" for 127.0.0.1 at 2015-08-11 15:39:01 +0000
Processing by MoviesController#index as HTML
  [1m[36mMovie Load (0.1ms)[0m  [1mSELECT "movies".* FROM "movies" [0m
  Rendered movies/index.html.haml within layouts/application (5.9ms)
Compiled application.css  (0ms)  (pid 14210)
Completed 200 OK in 74.8ms (Views: 46.4ms | ActiveRecord: 0.1ms)


Started GET "/assets/application.css?body=1" for 127.0.0.1 at 2015-08-11 15:39:01 +0000
Served asset /application.css - 200 OK (1ms)


Started GET "/assets/application.js?body=1" for 127.0.0.1 at 2015-08-11 15:39:01 +0000
Served asset /application.js - 304 Not Modified (5ms)


Started GET "/assets/jquery.js?body=1" for 127.0.0.1 at 2015-08-11 15:39:01 +0000
Served asset /jquery.js - 304 Not Modified (3ms)


Started GET "/assets/jquery_ujs.js?body=1" for 127.0.0.1 at 2015-08-11 15:39:01 +0000
Served asset /jquery_ujs.js - 304 Not Modified (1ms)


Started GET "/" for 127.0.0.1 at 2015-08-11 16:04:36 +0000
Connecting to database specified by database.yml


Started GET "/movies" for 127.0.0.1 at 2015-08-11 16:04:37 +0000
Processing by MoviesController#index as HTML
  [1m[36mMovie Load (0.1ms)[0m  [1mSELECT "movies".* FROM "movies" [0m
  Rendered movies/index.html.haml within layouts/application (6.0ms)
Completed 200 OK in 72.4ms (Views: 44.7ms | ActiveRecord: 0.1ms)


Started GET "/assets/jquery.js?body=1" for 127.0.0.1 at 2015-08-11 16:04:37 +0000
Served asset /jquery.js - 304 Not Modified (31ms)


Started GET "/assets/jquery_ujs.js?body=1" for 127.0.0.1 at 2015-08-11 16:04:37 +0000
Served asset /jquery_ujs.js - 304 Not Modified (1ms)


Started GET "/assets/application.js?body=1" for 127.0.0.1 at 2015-08-11 16:04:37 +0000
Served asset /application.js - 304 Not Modified (3ms)


Started GET "/assets/application.css?body=1" for 127.0.0.1 at 2015-08-11 16:04:37 +0000
Served asset /application.css - 304 Not Modified (1ms)


Started GET "/movies/new" for 127.0.0.1 at 2015-08-11 16:04:39 +0000
Processing by MoviesController#new as HTML
  Rendered movies/new.html.haml within layouts/application (9.4ms)
Completed 200 OK in 13.4ms (Views: 13.0ms | ActiveRecord: 0.0ms)


Started GET "/assets/application.css?body=1" for 127.0.0.1 at 2015-08-11 16:04:39 +0000
Served asset /application.css - 304 Not Modified (0ms)


Started GET "/assets/jquery.js?body=1" for 127.0.0.1 at 2015-08-11 16:04:39 +0000
Served asset /jquery.js - 304 Not Modified (3ms)


Started GET "/assets/application.js?body=1" for 127.0.0.1 at 2015-08-11 16:04:39 +0000
Served asset /application.js - 304 Not Modified (0ms)


Started GET "/assets/jquery_ujs.js?body=1" for 127.0.0.1 at 2015-08-11 16:04:39 +0000
Served asset /jquery_ujs.js - 304 Not Modified (0ms)


Started GET "/movies" for 127.0.0.1 at 2015-08-11 16:12:07 +0000
Connecting to database specified by database.yml

SyntaxError (/home/greg/CS/rottenpotatoes/app/controllers/movies_controller.rb:42: syntax error, unexpected $end, expecting keyword_end):
  activesupport (3.2.15) lib/active_support/dependencies.rb:469:in `load'
  activesupport (3.2.15) lib/active_support/dependencies.rb:469:in `block in load_file'
  activesupport (3.2.15) lib/active_support/dependencies.rb:639:in `new_constants_in'
  activesupport (3.2.15) lib/active_support/dependencies.rb:468:in `load_file'
  activesupport (3.2.15) lib/active_support/dependencies.rb:353:in `require_or_load'
  activesupport (3.2.15) lib/active_support/dependencies.rb:502:in `load_missing_constant'
  activesupport (3.2.15) lib/active_support/dependencies.rb:192:in `block in const_missing'
  activesupport (3.2.15) lib/active_support/dependencies.rb:190:in `each'
  activesupport (3.2.15) lib/active_support/dependencies.rb:190:in `const_missing'
  activesupport (3.2.15) lib/active_support/inflector/methods.rb:230:in `block in constantize'
  activesupport (3.2.15) lib/active_support/inflector/methods.rb:229:in `each'
  activesupport (3.2.15) lib/active_support/inflector/methods.rb:229:in `constantize'
  activesupport (3.2.15) lib/active_support/dependencies.rb:554:in `get'
  actionpack (3.2.15) lib/action_dispatch/routing/route_set.rb:69:in `controller_reference'
  actionpack (3.2.15) lib/action_dispatch/routing/route_set.rb:54:in `controller'
  actionpack (3.2.15) lib/action_dispatch/routing/route_set.rb:32:in `call'
  journey (1.0.4) lib/journey/router.rb:68:in `block in call'
  journey (1.0.4) lib/journey/router.rb:56:in `each'
  journey (1.0.4) lib/journey/router.rb:56:in `call'
  actionpack (3.2.15) lib/action_dispatch/routing/route_set.rb:608:in `call'
  actionpack (3.2.15) lib/action_dispatch/middleware/best_standards_support.rb:17:in `call'
  rack (1.4.5) lib/rack/etag.rb:23:in `call'
  rack (1.4.5) lib/rack/conditionalget.rb:25:in `call'
  actionpack (3.2.15) lib/action_dispatch/middleware/head.rb:14:in `call'
  actionpack (3.2.15) lib/action_dispatch/middleware/params_parser.rb:21:in `call'
  actionpack (3.2.15) lib/action_dispatch/middleware/flash.rb:242:in `call'
  rack (1.4.5) lib/rack/session/abstract/id.rb:210:in `context'
  rack (1.4.5) lib/rack/session/abstract/id.rb:205:in `call'
  actionpack (3.2.15) lib/action_dispatch/middleware/cookies.rb:341:in `call'
  activerecord (3.2.15) lib/active_record/query_cache.rb:64:in `call'
  activerecord (3.2.15) lib/active_record/connection_adapters/abstract/connection_pool.rb:479:in `call'
  actionpack (3.2.15) lib/action_dispatch/middleware/callbacks.rb:28:in `block in call'
  activesupport (3.2.15) lib/active_support/callbacks.rb:405:in `_run__4132049427706388522__call__3379668398996338803__callbacks'
  activesupport (3.2.15) lib/active_support/callbacks.rb:405:in `__run_callback'
  activesupport (3.2.15) lib/active_support/callbacks.rb:385:in `_run_call_callbacks'
  activesupport (3.2.15) lib/active_support/callbacks.rb:81:in `run_callbacks'
  actionpack (3.2.15) lib/action_dispatch/middleware/callbacks.rb:27:in `call'
  actionpack (3.2.15) lib/action_dispatch/middleware/reloader.rb:65:in `call'
  actionpack (3.2.15) lib/action_dispatch/middleware/remote_ip.rb:31:in `call'
  actionpack (3.2.15) lib/action_dispatch/middleware/debug_exceptions.rb:16:in `call'
  actionpack (3.2.15) lib/action_dispatch/middleware/show_exceptions.rb:56:in `call'
  railties (3.2.15) lib/rails/rack/logger.rb:32:in `call_app'
  railties (3.2.15) lib/rails/rack/logger.rb:16:in `block in call'
  activesupport (3.2.15) lib/active_support/tagged_logging.rb:22:in `tagged'
  railties (3.2.15) lib/rails/rack/logger.rb:16:in `call'
  actionpack (3.2.15) lib/action_dispatch/middleware/request_id.rb:22:in `call'
  rack (1.4.5) lib/rack/methodoverride.rb:21:in `call'
  rack (1.4.5) lib/rack/runtime.rb:17:in `call'
  activesupport (3.2.15) lib/active_support/cache/strategy/local_cache.rb:72:in `call'
  rack (1.4.5) lib/rack/lock.rb:15:in `call'
  actionpack (3.2.15) lib/action_dispatch/middleware/static.rb:63:in `call'
  railties (3.2.15) lib/rails/engine.rb:484:in `call'
  railties (3.2.15) lib/rails/application.rb:231:in `call'
  rack (1.4.5) lib/rack/content_length.rb:14:in `call'
  railties (3.2.15) lib/rails/rack/log_tailer.rb:17:in `call'
  rack (1.4.5) lib/rack/handler/webrick.rb:59:in `service'
  /home/greg/.rvm/rubies/ruby-1.9.3-p551/lib/ruby/1.9.1/webrick/httpserver.rb:138:in `service'
  /home/greg/.rvm/rubies/ruby-1.9.3-p551/lib/ruby/1.9.1/webrick/httpserver.rb:94:in `run'
  /home/greg/.rvm/rubies/ruby-1.9.3-p551/lib/ruby/1.9.1/webrick/server.rb:191:in `block in start_thread'


  Rendered /home/greg/.rvm/gems/ruby-1.9.3-p551/gems/actionpack-3.2.15/lib/action_dispatch/middleware/templates/rescues/_trace.erb (0.9ms)
  Rendered /home/greg/.rvm/gems/ruby-1.9.3-p551/gems/actionpack-3.2.15/lib/action_dispatch/middleware/templates/rescues/_request_and_response.erb (24.2ms)
  Rendered /home/greg/.rvm/gems/ruby-1.9.3-p551/gems/actionpack-3.2.15/lib/action_dispatch/middleware/templates/rescues/diagnostics.erb within rescues/layout (31.6ms)


Started GET "/movies" for 127.0.0.1 at 2015-08-11 16:12:37 +0000
Connecting to database specified by database.yml
Processing by MoviesController#index as HTML
  [1m[36mMovie Load (0.1ms)[0m  [1mSELECT "movies".* FROM "movies" [0m
  Rendered movies/index.html.haml within layouts/application (5.8ms)
Completed 200 OK in 71.0ms (Views: 65.2ms | ActiveRecord: 0.1ms)


Started GET "/assets/application.css?body=1" for 127.0.0.1 at 2015-08-11 16:12:38 +0000
Served asset /application.css - 304 Not Modified (25ms)


Started GET "/assets/jquery_ujs.js?body=1" for 127.0.0.1 at 2015-08-11 16:12:38 +0000
Served asset /jquery_ujs.js - 304 Not Modified (3ms)


Started GET "/assets/application.js?body=1" for 127.0.0.1 at 2015-08-11 16:12:38 +0000
Served asset /application.js - 304 Not Modified (3ms)


Started GET "/assets/jquery.js?body=1" for 127.0.0.1 at 2015-08-11 16:12:38 +0000
Served asset /jquery.js - 304 Not Modified (2ms)


Started GET "/movies/4" for 127.0.0.1 at 2015-08-11 16:12:41 +0000
Processing by MoviesController#show as HTML
  Parameters: {"id"=>"4"}
  [1m[35mMovie Load (0.3ms)[0m  SELECT "movies".* FROM "movies" WHERE "movies"."id" = ? LIMIT 1  [["id", "4"]]
  Rendered movies/show.html.haml within layouts/application (4.2ms)
Completed 200 OK in 12.6ms (Views: 9.1ms | ActiveRecord: 0.3ms)


Started GET "/assets/application.css?body=1" for 127.0.0.1 at 2015-08-11 16:12:41 +0000
Served asset /application.css - 304 Not Modified (0ms)


Started GET "/assets/jquery_ujs.js?body=1" for 127.0.0.1 at 2015-08-11 16:12:41 +0000
Served asset /jquery_ujs.js - 304 Not Modified (0ms)


Started GET "/assets/application.js?body=1" for 127.0.0.1 at 2015-08-11 16:12:41 +0000
Served asset /application.js - 304 Not Modified (1ms)


Started GET "/assets/jquery.js?body=1" for 127.0.0.1 at 2015-08-11 16:12:41 +0000
Served asset /jquery.js - 304 Not Modified (0ms)


Started GET "/" for 127.0.0.1 at 2015-08-11 16:14:27 +0000
Connecting to database specified by database.yml


Started GET "/movies" for 127.0.0.1 at 2015-08-11 16:14:27 +0000
Processing by MoviesController#index as HTML
  [1m[36mMovie Load (0.1ms)[0m  [1mSELECT "movies".* FROM "movies" [0m
  Rendered movies/index.html.haml within layouts/application (6.1ms)
Completed 200 OK in 72.4ms (Views: 66.2ms | ActiveRecord: 0.1ms)


Started GET "/assets/application.css?body=1" for 127.0.0.1 at 2015-08-11 16:14:27 +0000
Served asset /application.css - 304 Not Modified (1ms)


Started GET "/assets/application.js?body=1" for 127.0.0.1 at 2015-08-11 16:14:27 +0000
Served asset /application.js - 304 Not Modified (27ms)


Started GET "/assets/jquery_ujs.js?body=1" for 127.0.0.1 at 2015-08-11 16:14:27 +0000
Served asset /jquery_ujs.js - 304 Not Modified (1ms)


Started GET "/assets/jquery.js?body=1" for 127.0.0.1 at 2015-08-11 16:14:28 +0000
Served asset /jquery.js - 304 Not Modified (2ms)


Started GET "/" for 127.0.0.1 at 2015-08-11 17:42:20 +0000
Connecting to database specified by database.yml


Started GET "/movies" for 127.0.0.1 at 2015-08-11 17:42:20 +0000
Processing by MoviesController#index as HTML
  [1m[36mMovie Load (0.1ms)[0m  [1mSELECT "movies".* FROM "movies" [0m
  Rendered movies/index.html.haml within layouts/application (15.3ms)
Completed 200 OK in 97.7ms (Views: 69.9ms | ActiveRecord: 0.1ms)


Started GET "/assets/application.css?body=1" for 127.0.0.1 at 2015-08-11 17:42:21 +0000
Served asset /application.css - 304 Not Modified (26ms)


Started GET "/assets/jquery.js?body=1" for 127.0.0.1 at 2015-08-11 17:42:21 +0000
Served asset /jquery.js - 304 Not Modified (7ms)


Started GET "/assets/jquery_ujs.js?body=1" for 127.0.0.1 at 2015-08-11 17:42:21 +0000
Served asset /jquery_ujs.js - 304 Not Modified (1ms)


Started GET "/assets/application.js?body=1" for 127.0.0.1 at 2015-08-11 17:42:21 +0000
Served asset /application.js - 304 Not Modified (3ms)


Started GET "/movies/new" for 127.0.0.1 at 2015-08-11 17:42:22 +0000
Processing by MoviesController#new as HTML
  Rendered movies/new.html.haml within layouts/application (11.5ms)
Completed 200 OK in 18.7ms (Views: 18.2ms | ActiveRecord: 0.0ms)


Started GET "/assets/application.css?body=1" for 127.0.0.1 at 2015-08-11 17:42:22 +0000
Served asset /application.css - 304 Not Modified (0ms)


Started GET "/assets/jquery.js?body=1" for 127.0.0.1 at 2015-08-11 17:42:23 +0000
Served asset /jquery.js - 304 Not Modified (3ms)


Started GET "/assets/application.js?body=1" for 127.0.0.1 at 2015-08-11 17:42:23 +0000
Served asset /application.js - 304 Not Modified (1ms)


Started GET "/assets/jquery_ujs.js?body=1" for 127.0.0.1 at 2015-08-11 17:42:23 +0000
Served asset /jquery_ujs.js - 304 Not Modified (0ms)


Started POST "/movies" for 127.0.0.1 at 2015-08-11 17:42:32 +0000

AbstractController::ActionNotFound (The action 'create' could not be found for MoviesController):
  actionpack (3.2.15) lib/abstract_controller/base.rb:116:in `process'
  actionpack (3.2.15) lib/abstract_controller/rendering.rb:45:in `process'
  actionpack (3.2.15) lib/action_controller/metal.rb:203:in `dispatch'
  actionpack (3.2.15) lib/action_controller/metal/rack_delegation.rb:14:in `dispatch'
  actionpack (3.2.15) lib/action_controller/metal.rb:246:in `block in action'
  actionpack (3.2.15) lib/action_dispatch/routing/route_set.rb:73:in `call'
  actionpack (3.2.15) lib/action_dispatch/routing/route_set.rb:73:in `dispatch'
  actionpack (3.2.15) lib/action_dispatch/routing/route_set.rb:36:in `call'
  journey (1.0.4) lib/journey/router.rb:68:in `block in call'
  journey (1.0.4) lib/journey/router.rb:56:in `each'
  journey (1.0.4) lib/journey/router.rb:56:in `call'
  actionpack (3.2.15) lib/action_dispatch/routing/route_set.rb:608:in `call'
  actionpack (3.2.15) lib/action_dispatch/middleware/best_standards_support.rb:17:in `call'
  rack (1.4.5) lib/rack/etag.rb:23:in `call'
  rack (1.4.5) lib/rack/conditionalget.rb:35:in `call'
  actionpack (3.2.15) lib/action_dispatch/middleware/head.rb:14:in `call'
  actionpack (3.2.15) lib/action_dispatch/middleware/params_parser.rb:21:in `call'
  actionpack (3.2.15) lib/action_dispatch/middleware/flash.rb:242:in `call'
  rack (1.4.5) lib/rack/session/abstract/id.rb:210:in `context'
  rack (1.4.5) lib/rack/session/abstract/id.rb:205:in `call'
  actionpack (3.2.15) lib/action_dispatch/middleware/cookies.rb:341:in `call'
  activerecord (3.2.15) lib/active_record/query_cache.rb:64:in `call'
  activerecord (3.2.15) lib/active_record/connection_adapters/abstract/connection_pool.rb:479:in `call'
  actionpack (3.2.15) lib/action_dispatch/middleware/callbacks.rb:28:in `block in call'
  activesupport (3.2.15) lib/active_support/callbacks.rb:405:in `_run__2801802696830004142__call__3017132295246095562__callbacks'
  activesupport (3.2.15) lib/active_support/callbacks.rb:405:in `__run_callback'
  activesupport (3.2.15) lib/active_support/callbacks.rb:385:in `_run_call_callbacks'
  activesupport (3.2.15) lib/active_support/callbacks.rb:81:in `run_callbacks'
  actionpack (3.2.15) lib/action_dispatch/middleware/callbacks.rb:27:in `call'
  actionpack (3.2.15) lib/action_dispatch/middleware/reloader.rb:65:in `call'
  actionpack (3.2.15) lib/action_dispatch/middleware/remote_ip.rb:31:in `call'
  actionpack (3.2.15) lib/action_dispatch/middleware/debug_exceptions.rb:16:in `call'
  actionpack (3.2.15) lib/action_dispatch/middleware/show_exceptions.rb:56:in `call'
  railties (3.2.15) lib/rails/rack/logger.rb:32:in `call_app'
  railties (3.2.15) lib/rails/rack/logger.rb:16:in `block in call'
  activesupport (3.2.15) lib/active_support/tagged_logging.rb:22:in `tagged'
  railties (3.2.15) lib/rails/rack/logger.rb:16:in `call'
  actionpack (3.2.15) lib/action_dispatch/middleware/request_id.rb:22:in `call'
  rack (1.4.5) lib/rack/methodoverride.rb:21:in `call'
  rack (1.4.5) lib/rack/runtime.rb:17:in `call'
  activesupport (3.2.15) lib/active_support/cache/strategy/local_cache.rb:72:in `call'
  rack (1.4.5) lib/rack/lock.rb:15:in `call'
  actionpack (3.2.15) lib/action_dispatch/middleware/static.rb:63:in `call'
  railties (3.2.15) lib/rails/engine.rb:484:in `call'
  railties (3.2.15) lib/rails/application.rb:231:in `call'
  rack (1.4.5) lib/rack/content_length.rb:14:in `call'
  railties (3.2.15) lib/rails/rack/log_tailer.rb:17:in `call'
  rack (1.4.5) lib/rack/handler/webrick.rb:59:in `service'
  /home/greg/.rvm/rubies/ruby-1.9.3-p551/lib/ruby/1.9.1/webrick/httpserver.rb:138:in `service'
  /home/greg/.rvm/rubies/ruby-1.9.3-p551/lib/ruby/1.9.1/webrick/httpserver.rb:94:in `run'
  /home/greg/.rvm/rubies/ruby-1.9.3-p551/lib/ruby/1.9.1/webrick/server.rb:191:in `block in start_thread'


  Rendered /home/greg/.rvm/gems/ruby-1.9.3-p551/gems/actionpack-3.2.15/lib/action_dispatch/middleware/templates/rescues/unknown_action.erb within rescues/layout (0.6ms)


Started GET "/movies" for 127.0.0.1 at 2015-08-11 17:45:23 +0000
Connecting to database specified by database.yml
Processing by MoviesController#index as HTML
  [1m[36mMovie Load (0.1ms)[0m  [1mSELECT "movies".* FROM "movies" [0m
  Rendered movies/index.html.haml within layouts/application (5.9ms)
Completed 200 OK in 70.7ms (Views: 64.9ms | ActiveRecord: 0.1ms)


Started GET "/assets/application.css?body=1" for 127.0.0.1 at 2015-08-11 17:45:24 +0000
Served asset /application.css - 304 Not Modified (1ms)


Started GET "/assets/jquery.js?body=1" for 127.0.0.1 at 2015-08-11 17:45:24 +0000
Served asset /jquery.js - 304 Not Modified (28ms)


Started GET "/assets/application.js?body=1" for 127.0.0.1 at 2015-08-11 17:45:24 +0000
Served asset /application.js - 304 Not Modified (3ms)


Started GET "/assets/jquery_ujs.js?body=1" for 127.0.0.1 at 2015-08-11 17:45:24 +0000
Served asset /jquery_ujs.js - 304 Not Modified (1ms)


Started GET "/movies/new" for 127.0.0.1 at 2015-08-11 17:45:25 +0000
Processing by MoviesController#new as HTML
  Rendered movies/new.html.haml within layouts/application (10.2ms)
Completed 200 OK in 16.0ms (Views: 15.4ms | ActiveRecord: 0.0ms)


Started GET "/assets/application.css?body=1" for 127.0.0.1 at 2015-08-11 17:45:25 +0000
Served asset /application.css - 304 Not Modified (0ms)


Started GET "/assets/application.js?body=1" for 127.0.0.1 at 2015-08-11 17:45:25 +0000
Served asset /application.js - 304 Not Modified (1ms)


Started GET "/assets/jquery_ujs.js?body=1" for 127.0.0.1 at 2015-08-11 17:45:25 +0000
Served asset /jquery_ujs.js - 304 Not Modified (0ms)


Started GET "/assets/jquery.js?body=1" for 127.0.0.1 at 2015-08-11 17:45:25 +0000
Served asset /jquery.js - 304 Not Modified (0ms)


Started POST "/movies" for 127.0.0.1 at 2015-08-11 17:45:31 +0000
Processing by MoviesController#create as HTML
  Parameters: {"utf8"=>"✓", "authenticity_token"=>"1SqsR3rlzWevl4XQyEN8po9uXk80bQuvEm8nE518omo=", "movie"=>{"title"=>"test", "rating"=>"G", "release_date(1i)"=>"2015", "release_date(2i)"=>"8", "release_date(3i)"=>"11"}, "commit"=>"Save Changes"}
  [1m[35m (0.1ms)[0m  begin transaction
  [1m[36mSQL (34.3ms)[0m  [1mINSERT INTO "movies" ("created_at", "description", "rating", "release_date", "title", "updated_at") VALUES (?, ?, ?, ?, ?, ?)[0m  [["created_at", Tue, 11 Aug 2015 17:45:31 UTC +00:00], ["description", nil], ["rating", "G"], ["release_date", Tue, 11 Aug 2015 00:00:00 UTC +00:00], ["title", "test"], ["updated_at", Tue, 11 Aug 2015 17:45:31 UTC +00:00]]
  [1m[35m (2.1ms)[0m  commit transaction
Redirected to http://localhost:3000/movies
Completed 302 Found in 42.2ms (ActiveRecord: 36.6ms)


Started GET "/movies" for 127.0.0.1 at 2015-08-11 17:45:31 +0000
Processing by MoviesController#index as HTML
  [1m[36mMovie Load (0.2ms)[0m  [1mSELECT "movies".* FROM "movies" [0m
  Rendered movies/index.html.haml within layouts/application (1.8ms)
Completed 200 OK in 6.5ms (Views: 5.5ms | ActiveRecord: 0.2ms)


Started GET "/assets/application.css?body=1" for 127.0.0.1 at 2015-08-11 17:45:31 +0000
Served asset /application.css - 304 Not Modified (2ms)


Started GET "/assets/jquery_ujs.js?body=1" for 127.0.0.1 at 2015-08-11 17:45:31 +0000
Served asset /jquery_ujs.js - 304 Not Modified (1ms)


Started GET "/assets/jquery.js?body=1" for 127.0.0.1 at 2015-08-11 17:45:31 +0000
Served asset /jquery.js - 304 Not Modified (2ms)


Started GET "/assets/application.js?body=1" for 127.0.0.1 at 2015-08-11 17:45:31 +0000
Served asset /application.js - 304 Not Modified (1ms)
Connecting to database specified by database.yml
  [1m[36m (1.7ms)[0m  [1mselect sqlite_version(*)[0m
  [1m[35m (2.8ms)[0m  CREATE TABLE "movies" ("id" INTEGER PRIMARY KEY AUTOINCREMENT NOT NULL, "title" varchar(255), "rating" varchar(255), "description" text, "release_date" datetime, "created_at" datetime NOT NULL, "updated_at" datetime NOT NULL) 
  [1m[36m (2.7ms)[0m  [1mCREATE TABLE "schema_migrations" ("version" varchar(255) NOT NULL) [0m
  [1m[35m (2.9ms)[0m  CREATE UNIQUE INDEX "unique_schema_migrations" ON "schema_migrations" ("version")
  [1m[36m (0.1ms)[0m  [1mSELECT version FROM "schema_migrations"[0m
  [1m[35m (2.0ms)[0m  INSERT INTO "schema_migrations" (version) VALUES ('20111119180638')
  [1m[36m (1.2ms)[0m  [1mSELECT "schema_migrations"."version" FROM "schema_migrations" [0m
  [1m[35m (0.0ms)[0m  begin transaction
  [1m[36mSQL (3.4ms)[0m  [1mINSERT INTO "movies" ("created_at", "description", "rating", "release_date", "title", "updated_at") VALUES (?, ?, ?, ?, ?, ?)[0m  [["created_at", Sat, 15 Aug 2015 21:51:42 UTC +00:00], ["description", "When a street urchin vies for the love of a beautiful princess, he uses a genie's magic power to make himself off as a prince in order to marry her."], ["rating", "G"], ["release_date", Wed, 25 Nov 1992 00:00:00 UTC +00:00], ["title", "Aladdin"], ["updated_at", Sat, 15 Aug 2015 21:51:42 UTC +00:00]]
  [1m[35m (2.5ms)[0m  commit transaction
  [1m[36m (0.0ms)[0m  [1mbegin transaction[0m
  [1m[35mSQL (0.2ms)[0m  INSERT INTO "movies" ("created_at", "description", "rating", "release_date", "title", "updated_at") VALUES (?, ?, ?, ?, ?, ?)  [["created_at", Sat, 15 Aug 2015 21:51:42 UTC +00:00], ["description", "Harry and Sally have known each other for years, and are very good friends, but they fear sex would ruin the friendship."], ["rating", "R"], ["release_date", Fri, 21 Jul 1989 00:00:00 UTC +00:00], ["title", "When Harry Met Sally"], ["updated_at", Sat, 15 Aug 2015 21:51:42 UTC +00:00]]
  [1m[36m (1.9ms)[0m  [1mcommit transaction[0m
  [1m[35m (0.0ms)[0m  begin transaction
  [1m[36mSQL (0.2ms)[0m  [1mINSERT INTO "movies" ("created_at", "description", "rating", "release_date", "title", "updated_at") VALUES (?, ?, ?, ?, ?, ?)[0m  [["created_at", Sat, 15 Aug 2015 21:51:42 UTC +00:00], ["description", "An aspiring author during the civil rights movement of the 1960s decides to write a book detailing the African-American maids' point of view on the white families for which they work, and the hardships they go through on a daily basis."], ["rating", "PG-13"], ["release_date", Wed, 10 Aug 2011 00:00:00 UTC +00:00], ["title", "The Help"], ["updated_at", Sat, 15 Aug 2015 21:51:42 UTC +00:00]]
  [1m[35m (1.9ms)[0m  commit transaction
  [1m[36m (0.0ms)[0m  [1mbegin transaction[0m
  [1m[35mSQL (0.2ms)[0m  INSERT INTO "movies" ("created_at", "description", "rating", "release_date", "title", "updated_at") VALUES (?, ?, ?, ?, ?, ?)  [["created_at", Sat, 15 Aug 2015 21:51:42 UTC +00:00], ["description", "Archaeologist and adventurer Indiana Jones is hired by the US government to find the Ark of the Covenant before the Nazis."], ["rating", "PG"], ["release_date", Fri, 12 Jun 1981 00:00:00 UTC +00:00], ["title", "Raiders of the Lost Ark"], ["updated_at", Sat, 15 Aug 2015 21:51:42 UTC +00:00]]
  [1m[36m (2.6ms)[0m  [1mcommit transaction[0m
